[debug] [2022-05-02T04:29:49.158Z] ----------------------------------------------------------------------
[debug] [2022-05-02T04:29:49.162Z] Command:       /usr/local/bin/node /usr/local/bin/firebase emulators:start
[debug] [2022-05-02T04:29:49.162Z] CLI Version:   10.6.0
[debug] [2022-05-02T04:29:49.162Z] Platform:      darwin
[debug] [2022-05-02T04:29:49.162Z] Node Version:  v14.17.6
[debug] [2022-05-02T04:29:49.163Z] Time:          Sun May 01 2022 23:29:49 GMT-0500 (Central Daylight Time)
[debug] [2022-05-02T04:29:49.163Z] ----------------------------------------------------------------------
[debug] 
[debug] [2022-05-02T04:29:49.250Z] > command requires scopes: ["email","openid","https://www.googleapis.com/auth/cloudplatformprojects.readonly","https://www.googleapis.com/auth/firebase","https://www.googleapis.com/auth/cloud-platform"]
[debug] [2022-05-02T04:29:49.250Z] > authorizing via signed-in user (je.flores28@gmail.com)
[info] i  emulators: Starting emulators: functions {"metadata":{"emulator":{"name":"hub"},"message":"Starting emulators: functions"}}
[warn] ⚠  emulators: It seems that you are running multiple instances of the emulator suite for project clone-bb74c. This may result in unexpected behavior. 
[debug] [2022-05-02T04:29:49.314Z] [hub] writing locator at /var/folders/gr/90t7bj4s5llc9ky1x66rl7jw0000gn/T/hub-clone-bb74c.json
[warn] ⚠  functions: The following emulators are not running, calls to these services from the Functions emulator will affect production: auth, firestore, database, hosting, pubsub, storage {"metadata":{"emulator":{"name":"functions"},"message":"The following emulators are not running, calls to these services from the Functions emulator will affect production: \u001b[1mauth, firestore, database, hosting, pubsub, storage\u001b[22m"}}
[warn] ⚠  Your requested "node" version "16" doesn't match your global version "14". Using node@14 from host. {"metadata":{"emulator":{"name":"functions"},"message":"Your requested \"node\" version \"16\" doesn't match your global version \"14\". Using node@14 from host."}}
[debug] [2022-05-02T04:29:49.622Z] defaultcredentials: writing to file /Users/jayzuss/.config/firebase/je_flores28_gmail.com_application_default_credentials.json
[debug] [2022-05-02T04:29:49.625Z] Setting GAC to /Users/jayzuss/.config/firebase/je_flores28_gmail.com_application_default_credentials.json {"metadata":{"emulator":{"name":"functions"},"message":"Setting GAC to /Users/jayzuss/.config/firebase/je_flores28_gmail.com_application_default_credentials.json"}}
[debug] [2022-05-02T04:29:49.628Z] >>> [apiv2][query] GET https://firebase.googleapis.com/v1beta1/projects/clone-bb74c/adminSdkConfig [none]
[debug] [2022-05-02T04:29:49.923Z] <<< [apiv2][status] GET https://firebase.googleapis.com/v1beta1/projects/clone-bb74c/adminSdkConfig 200
[debug] [2022-05-02T04:29:49.923Z] <<< [apiv2][body] GET https://firebase.googleapis.com/v1beta1/projects/clone-bb74c/adminSdkConfig {"projectId":"clone-bb74c","storageBucket":"clone-bb74c.appspot.com","locationId":"us-central"}
[warn] ⚠  ui: Emulator UI unable to start on port 4000, starting on 4001 instead. {"metadata":{"emulator":{"name":"ui"},"message":"Emulator UI unable to start on port 4000, starting on 4001 instead."}}
[debug] [2022-05-02T04:29:50.001Z] Ignoring unsupported arg: auto_download {"metadata":{"emulator":{"name":"ui"},"message":"Ignoring unsupported arg: auto_download"}}
[debug] [2022-05-02T04:29:50.001Z] Ignoring unsupported arg: port {"metadata":{"emulator":{"name":"ui"},"message":"Ignoring unsupported arg: port"}}
[debug] [2022-05-02T04:29:50.002Z] Starting Emulator UI with command {"binary":"node","args":["/Users/jayzuss/.cache/firebase/emulators/ui-v1.6.5/server.bundle.js"],"optionalArgs":[],"joinArgs":false} {"metadata":{"emulator":{"name":"ui"},"message":"Starting Emulator UI with command {\"binary\":\"node\",\"args\":[\"/Users/jayzuss/.cache/firebase/emulators/ui-v1.6.5/server.bundle.js\"],\"optionalArgs\":[],\"joinArgs\":false}"}}
[info] i  ui: Emulator UI logging to ui-debug.log {"metadata":{"emulator":{"name":"ui"},"message":"Emulator UI logging to \u001b[1mui-debug.log\u001b[22m"}}
[debug] [2022-05-02T04:29:50.214Z] Web / API server started at localhost:4001
 {"metadata":{"emulator":{"name":"ui"},"message":"Web / API server started at localhost:4001\n"}}
[info] i  functions: Watching "/Users/jayzuss/Desktop/WebDevelopment/React/amazon-clone/functions" for Cloud Functions... {"metadata":{"emulator":{"name":"functions"},"message":"Watching \"/Users/jayzuss/Desktop/WebDevelopment/React/amazon-clone/functions\" for Cloud Functions..."}}
[debug] [2022-05-02T04:29:50.289Z] Validating nodejs source
[debug] [2022-05-02T04:29:54.608Z] > [functions] package.json contents: {
  "name": "functions",
  "description": "Cloud Functions for Firebase",
  "scripts": {
    "lint": "eslint .",
    "serve": "firebase emulators:start --only functions",
    "shell": "firebase functions:shell",
    "start": "npm run shell",
    "deploy": "firebase deploy --only functions",
    "logs": "firebase functions:log"
  },
  "engines": {
    "node": "16"
  },
  "main": "index.js",
  "dependencies": {
    "cors": "^2.8.5",
    "dotenv": "^16.0.0",
    "express": "^4.18.0",
    "firebase-admin": "^10.0.2",
    "firebase-functions": "^3.18.0",
    "stripe": "^8.219.0"
  },
  "devDependencies": {
    "eslint": "^8.9.0",
    "eslint-config-google": "^0.14.0",
    "firebase-functions-test": "^0.2.0",
    "prettier": "2.6.2"
  },
  "private": true
}
[debug] [2022-05-02T04:29:54.609Z] Building nodejs source
[debug] [2022-05-02T04:29:54.610Z] Analyzing nodejs backend spec
[info] ✔  functions[us-central1-api]: http function initialized (http://localhost:5001/clone-bb74c/us-central1/api). {"metadata":{"emulator":{"name":"functions"},"message":"\u001b[1mhttp\u001b[22m function initialized (http://localhost:5001/clone-bb74c/us-central1/api)."}}
[info] 
┌─────────────────────────────────────────────────────────────┐
│ ✔  All emulators ready! It is now safe to connect your app. │
│ i  View Emulator UI at http://localhost:4001                │
└─────────────────────────────────────────────────────────────┘

┌───────────┬────────────────┬─────────────────────────────────┐
│ Emulator  │ Host:Port      │ View in Emulator UI             │
├───────────┼────────────────┼─────────────────────────────────┤
│ Functions │ localhost:5001 │ http://localhost:4001/functions │
└───────────┴────────────────┴─────────────────────────────────┘
  Emulator Hub running at localhost:4400
  Other reserved ports: 4500

Issues? Report them at https://github.com/firebase/firebase-tools/issues and attach the *-debug.log files.
 
[debug] [2022-05-02T04:29:56.120Z] [work-queue] {"queueLength":1,"workRunningCount":0}
[debug] [2022-05-02T04:29:56.120Z] [work-queue] {"queueLength":0,"workRunningCount":1}
[debug] [2022-05-02T04:29:56.121Z] Accepted request POST /clone-bb74c/us-central1/api/payments/create?total=0 --> us-central1-api
[info] i  functions: Loaded environment variables from .env. 
[debug] [2022-05-02T04:29:56.143Z] [worker-pool] addWorker(us-central1-api) {"metadata":{"emulator":{"name":"functions"},"message":"[worker-pool] addWorker(us-central1-api)"}}
[debug] [2022-05-02T04:29:56.145Z] [worker-pool] Adding worker with key us-central1-api, total=1 {"metadata":{"emulator":{"name":"functions"},"message":"[worker-pool] Adding worker with key us-central1-api, total=1"}}
[debug] [2022-05-02T04:29:56.145Z] [worker-pool] submitWork(triggerId=us-central1-api) {"metadata":{"emulator":{"name":"functions"},"message":"[worker-pool] submitWork(triggerId=us-central1-api)"}}
[debug] [2022-05-02T04:29:56.146Z] [worker-us-central1-api-d5e2eb32-73e4-45b5-97da-3eabd35ecd44]: Assigning socketPath: /var/folders/gr/90t7bj4s5llc9ky1x66rl7jw0000gn/T/fire_emu_42071.sock {"metadata":{"emulator":{"name":"functions"},"message":"[worker-us-central1-api-d5e2eb32-73e4-45b5-97da-3eabd35ecd44]: Assigning socketPath: /var/folders/gr/90t7bj4s5llc9ky1x66rl7jw0000gn/T/fire_emu_42071.sock"}}
[debug] [2022-05-02T04:29:56.147Z] [worker-us-central1-api-d5e2eb32-73e4-45b5-97da-3eabd35ecd44]: BUSY {"metadata":{"emulator":{"name":"functions"},"message":"[worker-us-central1-api-d5e2eb32-73e4-45b5-97da-3eabd35ecd44]: BUSY"}}
[debug] [2022-05-02T04:30:01.702Z] [runtime-status] [42071] Functions runtime initialized. {"cwd":"/Users/jayzuss/Desktop/WebDevelopment/React/amazon-clone/functions","node_version":"14.17.6"} {"metadata":{"emulator":{"name":"functions"},"function":{"name":"us-central1-api"},"extension":{},"message":"[runtime-status] [42071] Functions runtime initialized. {\"cwd\":\"/Users/jayzuss/Desktop/WebDevelopment/React/amazon-clone/functions\",\"node_version\":\"14.17.6\"}"}}
[debug] [2022-05-02T04:30:01.704Z] [runtime-status] [42071] Disabled runtime features: undefined {"metadata":{"emulator":{"name":"functions"},"function":{"name":"us-central1-api"},"extension":{},"message":"[runtime-status] [42071] Disabled runtime features: undefined"}}
[debug] [2022-05-02T04:30:01.707Z] [runtime-status] [42071] Resolved module firebase-admin {"declared":true,"installed":true,"version":"10.1.0","resolution":"/Users/jayzuss/Desktop/WebDevelopment/React/amazon-clone/functions/node_modules/firebase-admin/lib/index.js"} {"metadata":{"emulator":{"name":"functions"},"function":{"name":"us-central1-api"},"extension":{},"message":"[runtime-status] [42071] Resolved module firebase-admin {\"declared\":true,\"installed\":true,\"version\":\"10.1.0\",\"resolution\":\"/Users/jayzuss/Desktop/WebDevelopment/React/amazon-clone/functions/node_modules/firebase-admin/lib/index.js\"}"}}
[debug] [2022-05-02T04:30:01.708Z] [runtime-status] [42071] Resolved module firebase-functions {"declared":true,"installed":true,"version":"3.20.1","resolution":"/Users/jayzuss/Desktop/WebDevelopment/React/amazon-clone/functions/node_modules/firebase-functions/lib/index.js"} {"metadata":{"emulator":{"name":"functions"},"function":{"name":"us-central1-api"},"extension":{},"message":"[runtime-status] [42071] Resolved module firebase-functions {\"declared\":true,\"installed\":true,\"version\":\"3.20.1\",\"resolution\":\"/Users/jayzuss/Desktop/WebDevelopment/React/amazon-clone/functions/node_modules/firebase-functions/lib/index.js\"}"}}
[debug] [2022-05-02T04:30:01.709Z] [runtime-status] [42071] Outgoing network have been stubbed. [{"name":"http","status":"mocked"},{"name":"http","status":"mocked"},{"name":"https","status":"mocked"},{"name":"https","status":"mocked"},{"name":"net","status":"mocked"}] {"metadata":{"emulator":{"name":"functions"},"function":{"name":"us-central1-api"},"extension":{},"message":"[runtime-status] [42071] Outgoing network have been stubbed. [{\"name\":\"http\",\"status\":\"mocked\"},{\"name\":\"http\",\"status\":\"mocked\"},{\"name\":\"https\",\"status\":\"mocked\"},{\"name\":\"https\",\"status\":\"mocked\"},{\"name\":\"net\",\"status\":\"mocked\"}]"}}
[debug] [2022-05-02T04:30:01.710Z] [runtime-status] [42071] Resolved module firebase-functions {"declared":true,"installed":true,"version":"3.20.1","resolution":"/Users/jayzuss/Desktop/WebDevelopment/React/amazon-clone/functions/node_modules/firebase-functions/lib/index.js"} {"metadata":{"emulator":{"name":"functions"},"function":{"name":"us-central1-api"},"extension":{},"message":"[runtime-status] [42071] Resolved module firebase-functions {\"declared\":true,\"installed\":true,\"version\":\"3.20.1\",\"resolution\":\"/Users/jayzuss/Desktop/WebDevelopment/React/amazon-clone/functions/node_modules/firebase-functions/lib/index.js\"}"}}
[debug] [2022-05-02T04:30:01.936Z] [runtime-status] [42071] Checked functions.config() {"config":{}} {"metadata":{"emulator":{"name":"functions"},"function":{"name":"us-central1-api"},"extension":{},"message":"[runtime-status] [42071] Checked functions.config() {\"config\":{}}"}}
[debug] [2022-05-02T04:30:01.936Z] [runtime-status] [42071] firebase-functions has been stubbed. {"functionsResolution":{"declared":true,"installed":true,"version":"3.20.1","resolution":"/Users/jayzuss/Desktop/WebDevelopment/React/amazon-clone/functions/node_modules/firebase-functions/lib/index.js"}} {"metadata":{"emulator":{"name":"functions"},"function":{"name":"us-central1-api"},"extension":{},"message":"[runtime-status] [42071] firebase-functions has been stubbed. {\"functionsResolution\":{\"declared\":true,\"installed\":true,\"version\":\"3.20.1\",\"resolution\":\"/Users/jayzuss/Desktop/WebDevelopment/React/amazon-clone/functions/node_modules/firebase-functions/lib/index.js\"}}"}}
[debug] [2022-05-02T04:30:01.937Z] [runtime-status] [42071] Resolved module firebase-functions {"declared":true,"installed":true,"version":"3.20.1","resolution":"/Users/jayzuss/Desktop/WebDevelopment/React/amazon-clone/functions/node_modules/firebase-functions/lib/index.js"} {"metadata":{"emulator":{"name":"functions"},"function":{"name":"us-central1-api"},"extension":{},"message":"[runtime-status] [42071] Resolved module firebase-functions {\"declared\":true,\"installed\":true,\"version\":\"3.20.1\",\"resolution\":\"/Users/jayzuss/Desktop/WebDevelopment/React/amazon-clone/functions/node_modules/firebase-functions/lib/index.js\"}"}}
[debug] [2022-05-02T04:30:01.939Z] [runtime-status] [42071] Resolved module firebase-admin {"declared":true,"installed":true,"version":"10.1.0","resolution":"/Users/jayzuss/Desktop/WebDevelopment/React/amazon-clone/functions/node_modules/firebase-admin/lib/index.js"} {"metadata":{"emulator":{"name":"functions"},"function":{"name":"us-central1-api"},"extension":{},"message":"[runtime-status] [42071] Resolved module firebase-admin {\"declared\":true,\"installed\":true,\"version\":\"10.1.0\",\"resolution\":\"/Users/jayzuss/Desktop/WebDevelopment/React/amazon-clone/functions/node_modules/firebase-admin/lib/index.js\"}"}}
[debug] [2022-05-02T04:30:01.939Z] [runtime-status] [42071] Resolved module firebase-functions {"declared":true,"installed":true,"version":"3.20.1","resolution":"/Users/jayzuss/Desktop/WebDevelopment/React/amazon-clone/functions/node_modules/firebase-functions/lib/index.js"} {"metadata":{"emulator":{"name":"functions"},"function":{"name":"us-central1-api"},"extension":{},"message":"[runtime-status] [42071] Resolved module firebase-functions {\"declared\":true,\"installed\":true,\"version\":\"3.20.1\",\"resolution\":\"/Users/jayzuss/Desktop/WebDevelopment/React/amazon-clone/functions/node_modules/firebase-functions/lib/index.js\"}"}}
[debug] [2022-05-02T04:30:01.940Z] [runtime-status] [42071] firebase-admin has been stubbed. {"adminResolution":{"declared":true,"installed":true,"version":"10.1.0","resolution":"/Users/jayzuss/Desktop/WebDevelopment/React/amazon-clone/functions/node_modules/firebase-admin/lib/index.js"}} {"metadata":{"emulator":{"name":"functions"},"function":{"name":"us-central1-api"},"extension":{},"message":"[runtime-status] [42071] firebase-admin has been stubbed. {\"adminResolution\":{\"declared\":true,\"installed\":true,\"version\":\"10.1.0\",\"resolution\":\"/Users/jayzuss/Desktop/WebDevelopment/React/amazon-clone/functions/node_modules/firebase-admin/lib/index.js\"}}"}}
[debug] [2022-05-02T04:30:02.378Z] [runtime-status] [42071] Beginning invocation function api! {"metadata":{"emulator":{"name":"functions"},"function":{"name":"us-central1-api"},"extension":{},"message":"[runtime-status] [42071] Beginning invocation function api!"}}
[info] i  functions: Beginning execution of "api" {"metadata":{"emulator":{"name":"functions"},"function":{"name":"us-central1-api"},"extension":{},"message":"Beginning execution of \"api\""}}
[debug] [2022-05-02T04:30:02.380Z] [runtime-status] [42071] Running api in signature http {"metadata":{"emulator":{"name":"functions"},"function":{"name":"us-central1-api"},"extension":{},"message":"[runtime-status] [42071] Running api in signature http"}}
[debug] [2022-05-02T04:30:02.385Z] [runtime-status] [42071] Attempting to listen to socketPath: /var/folders/gr/90t7bj4s5llc9ky1x66rl7jw0000gn/T/fire_emu_42071.sock {"metadata":{"emulator":{"name":"functions"},"function":{"name":"us-central1-api"},"extension":{},"message":"[runtime-status] [42071] Attempting to listen to socketPath: /var/folders/gr/90t7bj4s5llc9ky1x66rl7jw0000gn/T/fire_emu_42071.sock"}}
[debug] [2022-05-02T04:30:02.391Z] [functions] Runtime ready! Sending request! {"metadata":{"emulator":{"name":"functions"},"message":"[functions] Runtime ready! Sending request!"}}
[debug] [2022-05-02T04:30:02.393Z] [functions] Got req.url=/clone-bb74c/us-central1/api/payments/create?total=0, mapping to path=/payments/create?total=0 {"metadata":{"emulator":{"name":"functions"},"message":"[functions] Got req.url=/clone-bb74c/us-central1/api/payments/create?total=0, mapping to path=/payments/create?total=0"}}
[debug] [2022-05-02T04:30:02.402Z] [runtime-status] [42071] Ephemeral server handling POST request {"metadata":{"emulator":{"name":"functions"},"function":{"name":"us-central1-api"},"extension":{},"message":"[runtime-status] [42071] Ephemeral server handling POST request"}}
[debug] [2022-05-02T04:30:02.421Z] [runtime-status] [42071] Ephemeral server survived. {"metadata":{"emulator":{"name":"functions"},"function":{"name":"us-central1-api"},"extension":{},"message":"[runtime-status] [42071] Ephemeral server survived."}}
[debug] [2022-05-02T04:30:03.034Z] [work-queue] {"queueLength":1,"workRunningCount":1}
[debug] [2022-05-02T04:30:03.034Z] [work-queue] {"queueLength":0,"workRunningCount":2}
[debug] [2022-05-02T04:30:03.035Z] Accepted request POST /clone-bb74c/us-central1/api/payments/create?total=32899 --> us-central1-api
[info] i  functions: Loaded environment variables from .env. 
[debug] [2022-05-02T04:30:03.051Z] [worker-pool] addWorker(us-central1-api) {"metadata":{"emulator":{"name":"functions"},"message":"[worker-pool] addWorker(us-central1-api)"}}
[debug] [2022-05-02T04:30:03.052Z] [worker-pool] Adding worker with key us-central1-api, total=2 {"metadata":{"emulator":{"name":"functions"},"message":"[worker-pool] Adding worker with key us-central1-api, total=2"}}
[debug] [2022-05-02T04:30:03.052Z] [worker-pool] submitWork(triggerId=us-central1-api) {"metadata":{"emulator":{"name":"functions"},"message":"[worker-pool] submitWork(triggerId=us-central1-api)"}}
[debug] [2022-05-02T04:30:03.053Z] [worker-us-central1-api-f2c0977e-934b-4f76-9e13-883efc595bba]: Assigning socketPath: /var/folders/gr/90t7bj4s5llc9ky1x66rl7jw0000gn/T/fire_emu_42080.sock {"metadata":{"emulator":{"name":"functions"},"message":"[worker-us-central1-api-f2c0977e-934b-4f76-9e13-883efc595bba]: Assigning socketPath: /var/folders/gr/90t7bj4s5llc9ky1x66rl7jw0000gn/T/fire_emu_42080.sock"}}
[debug] [2022-05-02T04:30:03.053Z] [worker-us-central1-api-f2c0977e-934b-4f76-9e13-883efc595bba]: BUSY {"metadata":{"emulator":{"name":"functions"},"message":"[worker-us-central1-api-f2c0977e-934b-4f76-9e13-883efc595bba]: BUSY"}}
[info] >  (node:42071) UnhandledPromiseRejectionWarning: Error: This value must be greater than or equal to 1. {"user":"(node:42071) UnhandledPromiseRejectionWarning: Error: This value must be greater than or equal to 1.","metadata":{"emulator":{"name":"functions"},"function":{"name":"us-central1-api"},"extension":{},"message":"\u001b[90m> \u001b[39m (node:42071) UnhandledPromiseRejectionWarning: Error: This value must be greater than or equal to 1."}}
[info] >      at Function.generate (/Users/jayzuss/Desktop/WebDevelopment/React/amazon-clone/functions/node_modules/stripe/lib/Error.js:40:16) {"user":"    at Function.generate (/Users/jayzuss/Desktop/WebDevelopment/React/amazon-clone/functions/node_modules/stripe/lib/Error.js:40:16)","metadata":{"emulator":{"name":"functions"},"function":{"name":"us-central1-api"},"extension":{},"message":"\u001b[90m> \u001b[39m     at Function.generate (/Users/jayzuss/Desktop/WebDevelopment/React/amazon-clone/functions/node_modules/stripe/lib/Error.js:40:16)"}}
[info] >      at res.toJSON.then.StripeAPIError.message (/Users/jayzuss/Desktop/WebDevelopment/React/amazon-clone/functions/node_modules/stripe/lib/StripeResource.js:220:35) {"user":"    at res.toJSON.then.StripeAPIError.message (/Users/jayzuss/Desktop/WebDevelopment/React/amazon-clone/functions/node_modules/stripe/lib/StripeResource.js:220:35)","metadata":{"emulator":{"name":"functions"},"function":{"name":"us-central1-api"},"extension":{},"message":"\u001b[90m> \u001b[39m     at res.toJSON.then.StripeAPIError.message (/Users/jayzuss/Desktop/WebDevelopment/React/amazon-clone/functions/node_modules/stripe/lib/StripeResource.js:220:35)"}}
[info] >      at processTicksAndRejections (internal/process/task_queues.js:95:5) {"user":"    at processTicksAndRejections (internal/process/task_queues.js:95:5)","metadata":{"emulator":{"name":"functions"},"function":{"name":"us-central1-api"},"extension":{},"message":"\u001b[90m> \u001b[39m     at processTicksAndRejections (internal/process/task_queues.js:95:5)"}}
[info] >  (Use `node --trace-warnings ...` to show where the warning was created) {"user":"(Use `node --trace-warnings ...` to show where the warning was created)","metadata":{"emulator":{"name":"functions"},"function":{"name":"us-central1-api"},"extension":{},"message":"\u001b[90m> \u001b[39m (Use `node --trace-warnings ...` to show where the warning was created)"}}
[info] >  (node:42071) UnhandledPromiseRejectionWarning: Unhandled promise rejection. This error originated either by throwing inside of an async function without a catch block, or by rejecting a promise which was not handled with .catch(). To terminate the node process on unhandled promise rejection, use the CLI flag `--unhandled-rejections=strict` (see https://nodejs.org/api/cli.html#cli_unhandled_rejections_mode). (rejection id: 1) {"user":"(node:42071) UnhandledPromiseRejectionWarning: Unhandled promise rejection. This error originated either by throwing inside of an async function without a catch block, or by rejecting a promise which was not handled with .catch(). To terminate the node process on unhandled promise rejection, use the CLI flag `--unhandled-rejections=strict` (see https://nodejs.org/api/cli.html#cli_unhandled_rejections_mode). (rejection id: 1)","metadata":{"emulator":{"name":"functions"},"function":{"name":"us-central1-api"},"extension":{},"message":"\u001b[90m> \u001b[39m (node:42071) UnhandledPromiseRejectionWarning: Unhandled promise rejection. This error originated either by throwing inside of an async function without a catch block, or by rejecting a promise which was not handled with .catch(). To terminate the node process on unhandled promise rejection, use the CLI flag `--unhandled-rejections=strict` (see https://nodejs.org/api/cli.html#cli_unhandled_rejections_mode). (rejection id: 1)"}}
[info] >  (node:42071) [DEP0018] DeprecationWarning: Unhandled promise rejections are deprecated. In the future, promise rejections that are not handled will terminate the Node.js process with a non-zero exit code. {"user":"(node:42071) [DEP0018] DeprecationWarning: Unhandled promise rejections are deprecated. In the future, promise rejections that are not handled will terminate the Node.js process with a non-zero exit code.","metadata":{"emulator":{"name":"functions"},"function":{"name":"us-central1-api"},"extension":{},"message":"\u001b[90m> \u001b[39m (node:42071) [DEP0018] DeprecationWarning: Unhandled promise rejections are deprecated. In the future, promise rejections that are not handled will terminate the Node.js process with a non-zero exit code."}}
[debug] [2022-05-02T04:30:07.757Z] [runtime-status] [42080] Functions runtime initialized. {"cwd":"/Users/jayzuss/Desktop/WebDevelopment/React/amazon-clone/functions","node_version":"14.17.6"} {"metadata":{"emulator":{"name":"functions"},"function":{"name":"us-central1-api"},"extension":{},"message":"[runtime-status] [42080] Functions runtime initialized. {\"cwd\":\"/Users/jayzuss/Desktop/WebDevelopment/React/amazon-clone/functions\",\"node_version\":\"14.17.6\"}"}}
[debug] [2022-05-02T04:30:07.759Z] [runtime-status] [42080] Disabled runtime features: undefined {"metadata":{"emulator":{"name":"functions"},"function":{"name":"us-central1-api"},"extension":{},"message":"[runtime-status] [42080] Disabled runtime features: undefined"}}
[debug] [2022-05-02T04:30:07.761Z] [runtime-status] [42080] Resolved module firebase-admin {"declared":true,"installed":true,"version":"10.1.0","resolution":"/Users/jayzuss/Desktop/WebDevelopment/React/amazon-clone/functions/node_modules/firebase-admin/lib/index.js"} {"metadata":{"emulator":{"name":"functions"},"function":{"name":"us-central1-api"},"extension":{},"message":"[runtime-status] [42080] Resolved module firebase-admin {\"declared\":true,\"installed\":true,\"version\":\"10.1.0\",\"resolution\":\"/Users/jayzuss/Desktop/WebDevelopment/React/amazon-clone/functions/node_modules/firebase-admin/lib/index.js\"}"}}
[debug] [2022-05-02T04:30:07.763Z] [runtime-status] [42080] Resolved module firebase-functions {"declared":true,"installed":true,"version":"3.20.1","resolution":"/Users/jayzuss/Desktop/WebDevelopment/React/amazon-clone/functions/node_modules/firebase-functions/lib/index.js"} {"metadata":{"emulator":{"name":"functions"},"function":{"name":"us-central1-api"},"extension":{},"message":"[runtime-status] [42080] Resolved module firebase-functions {\"declared\":true,\"installed\":true,\"version\":\"3.20.1\",\"resolution\":\"/Users/jayzuss/Desktop/WebDevelopment/React/amazon-clone/functions/node_modules/firebase-functions/lib/index.js\"}"}}
[debug] [2022-05-02T04:30:07.763Z] [runtime-status] [42080] Outgoing network have been stubbed. [{"name":"http","status":"mocked"},{"name":"http","status":"mocked"},{"name":"https","status":"mocked"},{"name":"https","status":"mocked"},{"name":"net","status":"mocked"}] {"metadata":{"emulator":{"name":"functions"},"function":{"name":"us-central1-api"},"extension":{},"message":"[runtime-status] [42080] Outgoing network have been stubbed. [{\"name\":\"http\",\"status\":\"mocked\"},{\"name\":\"http\",\"status\":\"mocked\"},{\"name\":\"https\",\"status\":\"mocked\"},{\"name\":\"https\",\"status\":\"mocked\"},{\"name\":\"net\",\"status\":\"mocked\"}]"}}
[debug] [2022-05-02T04:30:07.764Z] [runtime-status] [42080] Resolved module firebase-functions {"declared":true,"installed":true,"version":"3.20.1","resolution":"/Users/jayzuss/Desktop/WebDevelopment/React/amazon-clone/functions/node_modules/firebase-functions/lib/index.js"} {"metadata":{"emulator":{"name":"functions"},"function":{"name":"us-central1-api"},"extension":{},"message":"[runtime-status] [42080] Resolved module firebase-functions {\"declared\":true,\"installed\":true,\"version\":\"3.20.1\",\"resolution\":\"/Users/jayzuss/Desktop/WebDevelopment/React/amazon-clone/functions/node_modules/firebase-functions/lib/index.js\"}"}}
[debug] [2022-05-02T04:30:07.969Z] [runtime-status] [42080] Checked functions.config() {"config":{}} {"metadata":{"emulator":{"name":"functions"},"function":{"name":"us-central1-api"},"extension":{},"message":"[runtime-status] [42080] Checked functions.config() {\"config\":{}}"}}
[debug] [2022-05-02T04:30:07.970Z] [runtime-status] [42080] firebase-functions has been stubbed. {"functionsResolution":{"declared":true,"installed":true,"version":"3.20.1","resolution":"/Users/jayzuss/Desktop/WebDevelopment/React/amazon-clone/functions/node_modules/firebase-functions/lib/index.js"}} {"metadata":{"emulator":{"name":"functions"},"function":{"name":"us-central1-api"},"extension":{},"message":"[runtime-status] [42080] firebase-functions has been stubbed. {\"functionsResolution\":{\"declared\":true,\"installed\":true,\"version\":\"3.20.1\",\"resolution\":\"/Users/jayzuss/Desktop/WebDevelopment/React/amazon-clone/functions/node_modules/firebase-functions/lib/index.js\"}}"}}
[debug] [2022-05-02T04:30:07.971Z] [runtime-status] [42080] Resolved module firebase-functions {"declared":true,"installed":true,"version":"3.20.1","resolution":"/Users/jayzuss/Desktop/WebDevelopment/React/amazon-clone/functions/node_modules/firebase-functions/lib/index.js"} {"metadata":{"emulator":{"name":"functions"},"function":{"name":"us-central1-api"},"extension":{},"message":"[runtime-status] [42080] Resolved module firebase-functions {\"declared\":true,\"installed\":true,\"version\":\"3.20.1\",\"resolution\":\"/Users/jayzuss/Desktop/WebDevelopment/React/amazon-clone/functions/node_modules/firebase-functions/lib/index.js\"}"}}
[debug] [2022-05-02T04:30:07.973Z] [runtime-status] [42080] Resolved module firebase-admin {"declared":true,"installed":true,"version":"10.1.0","resolution":"/Users/jayzuss/Desktop/WebDevelopment/React/amazon-clone/functions/node_modules/firebase-admin/lib/index.js"} {"metadata":{"emulator":{"name":"functions"},"function":{"name":"us-central1-api"},"extension":{},"message":"[runtime-status] [42080] Resolved module firebase-admin {\"declared\":true,\"installed\":true,\"version\":\"10.1.0\",\"resolution\":\"/Users/jayzuss/Desktop/WebDevelopment/React/amazon-clone/functions/node_modules/firebase-admin/lib/index.js\"}"}}
[debug] [2022-05-02T04:30:07.973Z] [runtime-status] [42080] Resolved module firebase-functions {"declared":true,"installed":true,"version":"3.20.1","resolution":"/Users/jayzuss/Desktop/WebDevelopment/React/amazon-clone/functions/node_modules/firebase-functions/lib/index.js"} {"metadata":{"emulator":{"name":"functions"},"function":{"name":"us-central1-api"},"extension":{},"message":"[runtime-status] [42080] Resolved module firebase-functions {\"declared\":true,\"installed\":true,\"version\":\"3.20.1\",\"resolution\":\"/Users/jayzuss/Desktop/WebDevelopment/React/amazon-clone/functions/node_modules/firebase-functions/lib/index.js\"}"}}
[debug] [2022-05-02T04:30:07.974Z] [runtime-status] [42080] firebase-admin has been stubbed. {"adminResolution":{"declared":true,"installed":true,"version":"10.1.0","resolution":"/Users/jayzuss/Desktop/WebDevelopment/React/amazon-clone/functions/node_modules/firebase-admin/lib/index.js"}} {"metadata":{"emulator":{"name":"functions"},"function":{"name":"us-central1-api"},"extension":{},"message":"[runtime-status] [42080] firebase-admin has been stubbed. {\"adminResolution\":{\"declared\":true,\"installed\":true,\"version\":\"10.1.0\",\"resolution\":\"/Users/jayzuss/Desktop/WebDevelopment/React/amazon-clone/functions/node_modules/firebase-admin/lib/index.js\"}}"}}
[debug] [2022-05-02T04:30:08.248Z] [runtime-status] [42080] Beginning invocation function api! {"metadata":{"emulator":{"name":"functions"},"function":{"name":"us-central1-api"},"extension":{},"message":"[runtime-status] [42080] Beginning invocation function api!"}}
[info] i  functions: Beginning execution of "api" {"metadata":{"emulator":{"name":"functions"},"function":{"name":"us-central1-api"},"extension":{},"message":"Beginning execution of \"api\""}}
[debug] [2022-05-02T04:30:08.249Z] [runtime-status] [42080] Running api in signature http {"metadata":{"emulator":{"name":"functions"},"function":{"name":"us-central1-api"},"extension":{},"message":"[runtime-status] [42080] Running api in signature http"}}
[debug] [2022-05-02T04:30:08.254Z] [runtime-status] [42080] Attempting to listen to socketPath: /var/folders/gr/90t7bj4s5llc9ky1x66rl7jw0000gn/T/fire_emu_42080.sock {"metadata":{"emulator":{"name":"functions"},"function":{"name":"us-central1-api"},"extension":{},"message":"[runtime-status] [42080] Attempting to listen to socketPath: /var/folders/gr/90t7bj4s5llc9ky1x66rl7jw0000gn/T/fire_emu_42080.sock"}}
[debug] [2022-05-02T04:30:08.261Z] [functions] Runtime ready! Sending request! {"metadata":{"emulator":{"name":"functions"},"message":"[functions] Runtime ready! Sending request!"}}
[debug] [2022-05-02T04:30:08.261Z] [functions] Got req.url=/clone-bb74c/us-central1/api/payments/create?total=32899, mapping to path=/payments/create?total=32899 {"metadata":{"emulator":{"name":"functions"},"message":"[functions] Got req.url=/clone-bb74c/us-central1/api/payments/create?total=32899, mapping to path=/payments/create?total=32899"}}
[debug] [2022-05-02T04:30:08.271Z] [runtime-status] [42080] Ephemeral server handling POST request {"metadata":{"emulator":{"name":"functions"},"function":{"name":"us-central1-api"},"extension":{},"message":"[runtime-status] [42080] Ephemeral server handling POST request"}}
[debug] [2022-05-02T04:30:08.287Z] [runtime-status] [42080] Ephemeral server survived. {"metadata":{"emulator":{"name":"functions"},"function":{"name":"us-central1-api"},"extension":{},"message":"[runtime-status] [42080] Ephemeral server survived."}}
[info] i  functions: Finished "api" in ~1s {"metadata":{"emulator":{"name":"functions"},"function":{"name":"us-central1-api"},"extension":{},"message":"Finished \"api\" in ~1s"}}
[debug] [2022-05-02T04:30:09.515Z] [worker-us-central1-api-f2c0977e-934b-4f76-9e13-883efc595bba]: IDLE {"metadata":{"emulator":{"name":"functions"},"message":"[worker-us-central1-api-f2c0977e-934b-4f76-9e13-883efc595bba]: IDLE"}}
[debug] [2022-05-02T04:30:09.515Z] [work-queue] {"queueLength":0,"workRunningCount":1}
[debug] [2022-05-02T04:30:13.375Z] [work-queue] {"queueLength":1,"workRunningCount":1}
[debug] [2022-05-02T04:30:13.375Z] [work-queue] {"queueLength":0,"workRunningCount":2}
[debug] [2022-05-02T04:30:13.376Z] Accepted request POST /clone-bb74c/us-central1/api/payments/create?total=0 --> us-central1-api
[debug] [2022-05-02T04:30:13.376Z] [worker-pool] submitWork(triggerId=us-central1-api) {"metadata":{"emulator":{"name":"functions"},"message":"[worker-pool] submitWork(triggerId=us-central1-api)"}}
[debug] [2022-05-02T04:30:13.376Z] [worker-us-central1-api-f2c0977e-934b-4f76-9e13-883efc595bba]: Assigning socketPath: /var/folders/gr/90t7bj4s5llc9ky1x66rl7jw0000gn/T/fire_emu_42080.sock {"metadata":{"emulator":{"name":"functions"},"message":"[worker-us-central1-api-f2c0977e-934b-4f76-9e13-883efc595bba]: Assigning socketPath: /var/folders/gr/90t7bj4s5llc9ky1x66rl7jw0000gn/T/fire_emu_42080.sock"}}
[debug] [2022-05-02T04:30:13.376Z] [worker-us-central1-api-f2c0977e-934b-4f76-9e13-883efc595bba]: BUSY {"metadata":{"emulator":{"name":"functions"},"message":"[worker-us-central1-api-f2c0977e-934b-4f76-9e13-883efc595bba]: BUSY"}}
[debug] [2022-05-02T04:30:13.378Z] [runtime-status] [42080] Beginning invocation function api! {"metadata":{"emulator":{"name":"functions"},"function":{"name":"us-central1-api"},"extension":{},"message":"[runtime-status] [42080] Beginning invocation function api!"}}
[info] i  functions: Beginning execution of "api" {"metadata":{"emulator":{"name":"functions"},"function":{"name":"us-central1-api"},"extension":{},"message":"Beginning execution of \"api\""}}
[debug] [2022-05-02T04:30:13.380Z] [runtime-status] [42080] Running api in signature http {"metadata":{"emulator":{"name":"functions"},"function":{"name":"us-central1-api"},"extension":{},"message":"[runtime-status] [42080] Running api in signature http"}}
[debug] [2022-05-02T04:30:13.381Z] [runtime-status] [42080] Attempting to listen to socketPath: /var/folders/gr/90t7bj4s5llc9ky1x66rl7jw0000gn/T/fire_emu_42080.sock {"metadata":{"emulator":{"name":"functions"},"function":{"name":"us-central1-api"},"extension":{},"message":"[runtime-status] [42080] Attempting to listen to socketPath: /var/folders/gr/90t7bj4s5llc9ky1x66rl7jw0000gn/T/fire_emu_42080.sock"}}
[debug] [2022-05-02T04:30:13.384Z] [functions] Runtime ready! Sending request! {"metadata":{"emulator":{"name":"functions"},"message":"[functions] Runtime ready! Sending request!"}}
[debug] [2022-05-02T04:30:13.387Z] [functions] Got req.url=/clone-bb74c/us-central1/api/payments/create?total=0, mapping to path=/payments/create?total=0 {"metadata":{"emulator":{"name":"functions"},"message":"[functions] Got req.url=/clone-bb74c/us-central1/api/payments/create?total=0, mapping to path=/payments/create?total=0"}}
[debug] [2022-05-02T04:30:13.408Z] [runtime-status] [42080] Ephemeral server handling POST request {"metadata":{"emulator":{"name":"functions"},"function":{"name":"us-central1-api"},"extension":{},"message":"[runtime-status] [42080] Ephemeral server handling POST request"}}
[debug] [2022-05-02T04:30:13.409Z] [runtime-status] [42080] Ephemeral server survived. {"metadata":{"emulator":{"name":"functions"},"function":{"name":"us-central1-api"},"extension":{},"message":"[runtime-status] [42080] Ephemeral server survived."}}
[info] >  (node:42080) UnhandledPromiseRejectionWarning: Error: This value must be greater than or equal to 1. {"user":"(node:42080) UnhandledPromiseRejectionWarning: Error: This value must be greater than or equal to 1.","metadata":{"emulator":{"name":"functions"},"function":{"name":"us-central1-api"},"extension":{},"message":"\u001b[90m> \u001b[39m (node:42080) UnhandledPromiseRejectionWarning: Error: This value must be greater than or equal to 1."}}
[info] >      at Function.generate (/Users/jayzuss/Desktop/WebDevelopment/React/amazon-clone/functions/node_modules/stripe/lib/Error.js:40:16) {"user":"    at Function.generate (/Users/jayzuss/Desktop/WebDevelopment/React/amazon-clone/functions/node_modules/stripe/lib/Error.js:40:16)","metadata":{"emulator":{"name":"functions"},"function":{"name":"us-central1-api"},"extension":{},"message":"\u001b[90m> \u001b[39m     at Function.generate (/Users/jayzuss/Desktop/WebDevelopment/React/amazon-clone/functions/node_modules/stripe/lib/Error.js:40:16)"}}
[info] >      at res.toJSON.then.StripeAPIError.message (/Users/jayzuss/Desktop/WebDevelopment/React/amazon-clone/functions/node_modules/stripe/lib/StripeResource.js:220:35) {"user":"    at res.toJSON.then.StripeAPIError.message (/Users/jayzuss/Desktop/WebDevelopment/React/amazon-clone/functions/node_modules/stripe/lib/StripeResource.js:220:35)","metadata":{"emulator":{"name":"functions"},"function":{"name":"us-central1-api"},"extension":{},"message":"\u001b[90m> \u001b[39m     at res.toJSON.then.StripeAPIError.message (/Users/jayzuss/Desktop/WebDevelopment/React/amazon-clone/functions/node_modules/stripe/lib/StripeResource.js:220:35)"}}
[info] >      at processTicksAndRejections (internal/process/task_queues.js:95:5) {"user":"    at processTicksAndRejections (internal/process/task_queues.js:95:5)","metadata":{"emulator":{"name":"functions"},"function":{"name":"us-central1-api"},"extension":{},"message":"\u001b[90m> \u001b[39m     at processTicksAndRejections (internal/process/task_queues.js:95:5)"}}
[info] >  (Use `node --trace-warnings ...` to show where the warning was created) {"user":"(Use `node --trace-warnings ...` to show where the warning was created)","metadata":{"emulator":{"name":"functions"},"function":{"name":"us-central1-api"},"extension":{},"message":"\u001b[90m> \u001b[39m (Use `node --trace-warnings ...` to show where the warning was created)"}}
[info] >  (node:42080) UnhandledPromiseRejectionWarning: Unhandled promise rejection. This error originated either by throwing inside of an async function without a catch block, or by rejecting a promise which was not handled with .catch(). To terminate the node process on unhandled promise rejection, use the CLI flag `--unhandled-rejections=strict` (see https://nodejs.org/api/cli.html#cli_unhandled_rejections_mode). (rejection id: 1) {"user":"(node:42080) UnhandledPromiseRejectionWarning: Unhandled promise rejection. This error originated either by throwing inside of an async function without a catch block, or by rejecting a promise which was not handled with .catch(). To terminate the node process on unhandled promise rejection, use the CLI flag `--unhandled-rejections=strict` (see https://nodejs.org/api/cli.html#cli_unhandled_rejections_mode). (rejection id: 1)","metadata":{"emulator":{"name":"functions"},"function":{"name":"us-central1-api"},"extension":{},"message":"\u001b[90m> \u001b[39m (node:42080) UnhandledPromiseRejectionWarning: Unhandled promise rejection. This error originated either by throwing inside of an async function without a catch block, or by rejecting a promise which was not handled with .catch(). To terminate the node process on unhandled promise rejection, use the CLI flag `--unhandled-rejections=strict` (see https://nodejs.org/api/cli.html#cli_unhandled_rejections_mode). (rejection id: 1)"}}
[info] >  (node:42080) [DEP0018] DeprecationWarning: Unhandled promise rejections are deprecated. In the future, promise rejections that are not handled will terminate the Node.js process with a non-zero exit code. {"user":"(node:42080) [DEP0018] DeprecationWarning: Unhandled promise rejections are deprecated. In the future, promise rejections that are not handled will terminate the Node.js process with a non-zero exit code.","metadata":{"emulator":{"name":"functions"},"function":{"name":"us-central1-api"},"extension":{},"message":"\u001b[90m> \u001b[39m (node:42080) [DEP0018] DeprecationWarning: Unhandled promise rejections are deprecated. In the future, promise rejections that are not handled will terminate the Node.js process with a non-zero exit code."}}
[debug] [2022-05-02T04:30:26.887Z] File /Users/jayzuss/Desktop/WebDevelopment/React/amazon-clone/functions/index.js changed, reloading triggers {"metadata":{"emulator":{"name":"functions"},"message":"File /Users/jayzuss/Desktop/WebDevelopment/React/amazon-clone/functions/index.js changed, reloading triggers"}}
[debug] [2022-05-02T04:30:27.889Z] [worker-pool] Marking BUSY worker to finish (us-central1-api) {"metadata":{"emulator":{"name":"functions"},"message":"[worker-pool] Marking BUSY worker to finish (us-central1-api)"}}
[debug] [2022-05-02T04:30:27.890Z] [worker-us-central1-api-d5e2eb32-73e4-45b5-97da-3eabd35ecd44]: FINISHING {"metadata":{"emulator":{"name":"functions"},"message":"[worker-us-central1-api-d5e2eb32-73e4-45b5-97da-3eabd35ecd44]: FINISHING"}}
[debug] [2022-05-02T04:30:27.890Z] [worker-pool] Marking BUSY worker to finish (us-central1-api) {"metadata":{"emulator":{"name":"functions"},"message":"[worker-pool] Marking BUSY worker to finish (us-central1-api)"}}
[debug] [2022-05-02T04:30:27.890Z] [worker-us-central1-api-f2c0977e-934b-4f76-9e13-883efc595bba]: FINISHING {"metadata":{"emulator":{"name":"functions"},"message":"[worker-us-central1-api-f2c0977e-934b-4f76-9e13-883efc595bba]: FINISHING"}}
[debug] [2022-05-02T04:30:27.893Z] Validating nodejs source
[debug] [2022-05-02T04:30:33.710Z] > [functions] package.json contents: {
  "name": "functions",
  "description": "Cloud Functions for Firebase",
  "scripts": {
    "lint": "eslint .",
    "serve": "firebase emulators:start --only functions",
    "shell": "firebase functions:shell",
    "start": "npm run shell",
    "deploy": "firebase deploy --only functions",
    "logs": "firebase functions:log"
  },
  "engines": {
    "node": "16"
  },
  "main": "index.js",
  "dependencies": {
    "cors": "^2.8.5",
    "dotenv": "^16.0.0",
    "express": "^4.18.0",
    "firebase-admin": "^10.0.2",
    "firebase-functions": "^3.18.0",
    "stripe": "^8.219.0"
  },
  "devDependencies": {
    "eslint": "^8.9.0",
    "eslint-config-google": "^0.14.0",
    "firebase-functions-test": "^0.2.0",
    "prettier": "2.6.2"
  },
  "private": true
}
[debug] [2022-05-02T04:30:33.711Z] Building nodejs source
[debug] [2022-05-02T04:30:33.711Z] Analyzing nodejs backend spec
[debug] [2022-05-02T04:30:37.393Z] [work-queue] {"queueLength":1,"workRunningCount":2}
[debug] [2022-05-02T04:30:37.394Z] [work-queue] {"queueLength":0,"workRunningCount":3}
[debug] [2022-05-02T04:30:37.394Z] Accepted request POST /clone-bb74c/us-central1/api/payments/create?total=32899 --> us-central1-api
[info] i  functions: Loaded environment variables from .env. 
[debug] [2022-05-02T04:30:37.407Z] [worker-pool] addWorker(us-central1-api) {"metadata":{"emulator":{"name":"functions"},"message":"[worker-pool] addWorker(us-central1-api)"}}
[debug] [2022-05-02T04:30:37.408Z] [worker-pool] Adding worker with key us-central1-api, total=3 {"metadata":{"emulator":{"name":"functions"},"message":"[worker-pool] Adding worker with key us-central1-api, total=3"}}
[debug] [2022-05-02T04:30:37.409Z] [worker-pool] submitWork(triggerId=us-central1-api) {"metadata":{"emulator":{"name":"functions"},"message":"[worker-pool] submitWork(triggerId=us-central1-api)"}}
[debug] [2022-05-02T04:30:37.409Z] [worker-us-central1-api-3d0377e2-9548-4e79-8acf-4c49e8b91832]: Assigning socketPath: /var/folders/gr/90t7bj4s5llc9ky1x66rl7jw0000gn/T/fire_emu_42356.sock {"metadata":{"emulator":{"name":"functions"},"message":"[worker-us-central1-api-3d0377e2-9548-4e79-8acf-4c49e8b91832]: Assigning socketPath: /var/folders/gr/90t7bj4s5llc9ky1x66rl7jw0000gn/T/fire_emu_42356.sock"}}
[debug] [2022-05-02T04:30:37.410Z] [worker-us-central1-api-3d0377e2-9548-4e79-8acf-4c49e8b91832]: BUSY {"metadata":{"emulator":{"name":"functions"},"message":"[worker-us-central1-api-3d0377e2-9548-4e79-8acf-4c49e8b91832]: BUSY"}}
[debug] [2022-05-02T04:30:42.274Z] [runtime-status] [42356] Functions runtime initialized. {"cwd":"/Users/jayzuss/Desktop/WebDevelopment/React/amazon-clone/functions","node_version":"14.17.6"} {"metadata":{"emulator":{"name":"functions"},"function":{"name":"us-central1-api"},"extension":{},"message":"[runtime-status] [42356] Functions runtime initialized. {\"cwd\":\"/Users/jayzuss/Desktop/WebDevelopment/React/amazon-clone/functions\",\"node_version\":\"14.17.6\"}"}}
[debug] [2022-05-02T04:30:42.275Z] [runtime-status] [42356] Disabled runtime features: undefined {"metadata":{"emulator":{"name":"functions"},"function":{"name":"us-central1-api"},"extension":{},"message":"[runtime-status] [42356] Disabled runtime features: undefined"}}
[debug] [2022-05-02T04:30:42.278Z] [runtime-status] [42356] Resolved module firebase-admin {"declared":true,"installed":true,"version":"10.1.0","resolution":"/Users/jayzuss/Desktop/WebDevelopment/React/amazon-clone/functions/node_modules/firebase-admin/lib/index.js"} {"metadata":{"emulator":{"name":"functions"},"function":{"name":"us-central1-api"},"extension":{},"message":"[runtime-status] [42356] Resolved module firebase-admin {\"declared\":true,\"installed\":true,\"version\":\"10.1.0\",\"resolution\":\"/Users/jayzuss/Desktop/WebDevelopment/React/amazon-clone/functions/node_modules/firebase-admin/lib/index.js\"}"}}
[debug] [2022-05-02T04:30:42.279Z] [runtime-status] [42356] Resolved module firebase-functions {"declared":true,"installed":true,"version":"3.20.1","resolution":"/Users/jayzuss/Desktop/WebDevelopment/React/amazon-clone/functions/node_modules/firebase-functions/lib/index.js"} {"metadata":{"emulator":{"name":"functions"},"function":{"name":"us-central1-api"},"extension":{},"message":"[runtime-status] [42356] Resolved module firebase-functions {\"declared\":true,\"installed\":true,\"version\":\"3.20.1\",\"resolution\":\"/Users/jayzuss/Desktop/WebDevelopment/React/amazon-clone/functions/node_modules/firebase-functions/lib/index.js\"}"}}
[debug] [2022-05-02T04:30:42.280Z] [runtime-status] [42356] Outgoing network have been stubbed. [{"name":"http","status":"mocked"},{"name":"http","status":"mocked"},{"name":"https","status":"mocked"},{"name":"https","status":"mocked"},{"name":"net","status":"mocked"}] {"metadata":{"emulator":{"name":"functions"},"function":{"name":"us-central1-api"},"extension":{},"message":"[runtime-status] [42356] Outgoing network have been stubbed. [{\"name\":\"http\",\"status\":\"mocked\"},{\"name\":\"http\",\"status\":\"mocked\"},{\"name\":\"https\",\"status\":\"mocked\"},{\"name\":\"https\",\"status\":\"mocked\"},{\"name\":\"net\",\"status\":\"mocked\"}]"}}
[debug] [2022-05-02T04:30:42.282Z] [runtime-status] [42356] Resolved module firebase-functions {"declared":true,"installed":true,"version":"3.20.1","resolution":"/Users/jayzuss/Desktop/WebDevelopment/React/amazon-clone/functions/node_modules/firebase-functions/lib/index.js"} {"metadata":{"emulator":{"name":"functions"},"function":{"name":"us-central1-api"},"extension":{},"message":"[runtime-status] [42356] Resolved module firebase-functions {\"declared\":true,\"installed\":true,\"version\":\"3.20.1\",\"resolution\":\"/Users/jayzuss/Desktop/WebDevelopment/React/amazon-clone/functions/node_modules/firebase-functions/lib/index.js\"}"}}
[debug] [2022-05-02T04:30:42.490Z] [runtime-status] [42356] Checked functions.config() {"config":{}} {"metadata":{"emulator":{"name":"functions"},"function":{"name":"us-central1-api"},"extension":{},"message":"[runtime-status] [42356] Checked functions.config() {\"config\":{}}"}}
[debug] [2022-05-02T04:30:42.490Z] [runtime-status] [42356] firebase-functions has been stubbed. {"functionsResolution":{"declared":true,"installed":true,"version":"3.20.1","resolution":"/Users/jayzuss/Desktop/WebDevelopment/React/amazon-clone/functions/node_modules/firebase-functions/lib/index.js"}} {"metadata":{"emulator":{"name":"functions"},"function":{"name":"us-central1-api"},"extension":{},"message":"[runtime-status] [42356] firebase-functions has been stubbed. {\"functionsResolution\":{\"declared\":true,\"installed\":true,\"version\":\"3.20.1\",\"resolution\":\"/Users/jayzuss/Desktop/WebDevelopment/React/amazon-clone/functions/node_modules/firebase-functions/lib/index.js\"}}"}}
[debug] [2022-05-02T04:30:42.491Z] [runtime-status] [42356] Resolved module firebase-functions {"declared":true,"installed":true,"version":"3.20.1","resolution":"/Users/jayzuss/Desktop/WebDevelopment/React/amazon-clone/functions/node_modules/firebase-functions/lib/index.js"} {"metadata":{"emulator":{"name":"functions"},"function":{"name":"us-central1-api"},"extension":{},"message":"[runtime-status] [42356] Resolved module firebase-functions {\"declared\":true,\"installed\":true,\"version\":\"3.20.1\",\"resolution\":\"/Users/jayzuss/Desktop/WebDevelopment/React/amazon-clone/functions/node_modules/firebase-functions/lib/index.js\"}"}}
[debug] [2022-05-02T04:30:42.494Z] [runtime-status] [42356] Resolved module firebase-admin {"declared":true,"installed":true,"version":"10.1.0","resolution":"/Users/jayzuss/Desktop/WebDevelopment/React/amazon-clone/functions/node_modules/firebase-admin/lib/index.js"} {"metadata":{"emulator":{"name":"functions"},"function":{"name":"us-central1-api"},"extension":{},"message":"[runtime-status] [42356] Resolved module firebase-admin {\"declared\":true,\"installed\":true,\"version\":\"10.1.0\",\"resolution\":\"/Users/jayzuss/Desktop/WebDevelopment/React/amazon-clone/functions/node_modules/firebase-admin/lib/index.js\"}"}}
[debug] [2022-05-02T04:30:42.496Z] [runtime-status] [42356] Resolved module firebase-functions {"declared":true,"installed":true,"version":"3.20.1","resolution":"/Users/jayzuss/Desktop/WebDevelopment/React/amazon-clone/functions/node_modules/firebase-functions/lib/index.js"} {"metadata":{"emulator":{"name":"functions"},"function":{"name":"us-central1-api"},"extension":{},"message":"[runtime-status] [42356] Resolved module firebase-functions {\"declared\":true,\"installed\":true,\"version\":\"3.20.1\",\"resolution\":\"/Users/jayzuss/Desktop/WebDevelopment/React/amazon-clone/functions/node_modules/firebase-functions/lib/index.js\"}"}}
[debug] [2022-05-02T04:30:42.496Z] [runtime-status] [42356] firebase-admin has been stubbed. {"adminResolution":{"declared":true,"installed":true,"version":"10.1.0","resolution":"/Users/jayzuss/Desktop/WebDevelopment/React/amazon-clone/functions/node_modules/firebase-admin/lib/index.js"}} {"metadata":{"emulator":{"name":"functions"},"function":{"name":"us-central1-api"},"extension":{},"message":"[runtime-status] [42356] firebase-admin has been stubbed. {\"adminResolution\":{\"declared\":true,\"installed\":true,\"version\":\"10.1.0\",\"resolution\":\"/Users/jayzuss/Desktop/WebDevelopment/React/amazon-clone/functions/node_modules/firebase-admin/lib/index.js\"}}"}}
[debug] [2022-05-02T04:30:42.801Z] [runtime-status] [42356] Beginning invocation function api! {"metadata":{"emulator":{"name":"functions"},"function":{"name":"us-central1-api"},"extension":{},"message":"[runtime-status] [42356] Beginning invocation function api!"}}
[info] i  functions: Beginning execution of "api" {"metadata":{"emulator":{"name":"functions"},"function":{"name":"us-central1-api"},"extension":{},"message":"Beginning execution of \"api\""}}
[debug] [2022-05-02T04:30:42.802Z] [runtime-status] [42356] Running api in signature http {"metadata":{"emulator":{"name":"functions"},"function":{"name":"us-central1-api"},"extension":{},"message":"[runtime-status] [42356] Running api in signature http"}}
[debug] [2022-05-02T04:30:42.811Z] [runtime-status] [42356] Attempting to listen to socketPath: /var/folders/gr/90t7bj4s5llc9ky1x66rl7jw0000gn/T/fire_emu_42356.sock {"metadata":{"emulator":{"name":"functions"},"function":{"name":"us-central1-api"},"extension":{},"message":"[runtime-status] [42356] Attempting to listen to socketPath: /var/folders/gr/90t7bj4s5llc9ky1x66rl7jw0000gn/T/fire_emu_42356.sock"}}
[debug] [2022-05-02T04:30:42.818Z] [functions] Runtime ready! Sending request! {"metadata":{"emulator":{"name":"functions"},"message":"[functions] Runtime ready! Sending request!"}}
[debug] [2022-05-02T04:30:42.819Z] [functions] Got req.url=/clone-bb74c/us-central1/api/payments/create?total=32899, mapping to path=/payments/create?total=32899 {"metadata":{"emulator":{"name":"functions"},"message":"[functions] Got req.url=/clone-bb74c/us-central1/api/payments/create?total=32899, mapping to path=/payments/create?total=32899"}}
[debug] [2022-05-02T04:30:42.830Z] [runtime-status] [42356] Ephemeral server handling POST request {"metadata":{"emulator":{"name":"functions"},"function":{"name":"us-central1-api"},"extension":{},"message":"[runtime-status] [42356] Ephemeral server handling POST request"}}
[debug] [2022-05-02T04:30:42.849Z] [runtime-status] [42356] Ephemeral server survived. {"metadata":{"emulator":{"name":"functions"},"function":{"name":"us-central1-api"},"extension":{},"message":"[runtime-status] [42356] Ephemeral server survived."}}
[info] i  functions: Finished "api" in ~1s {"metadata":{"emulator":{"name":"functions"},"function":{"name":"us-central1-api"},"extension":{},"message":"Finished \"api\" in ~1s"}}
[debug] [2022-05-02T04:30:43.473Z] [worker-us-central1-api-3d0377e2-9548-4e79-8acf-4c49e8b91832]: IDLE {"metadata":{"emulator":{"name":"functions"},"message":"[worker-us-central1-api-3d0377e2-9548-4e79-8acf-4c49e8b91832]: IDLE"}}
[debug] [2022-05-02T04:30:43.473Z] [work-queue] {"queueLength":0,"workRunningCount":2}
[debug] [2022-05-02T04:30:46.450Z] [work-queue] {"queueLength":1,"workRunningCount":2}
[debug] [2022-05-02T04:30:46.450Z] [work-queue] {"queueLength":0,"workRunningCount":3}
[debug] [2022-05-02T04:30:46.450Z] Accepted request POST /clone-bb74c/us-central1/api/payments/create?total=0 --> us-central1-api
[debug] [2022-05-02T04:30:46.450Z] [worker-pool] submitWork(triggerId=us-central1-api) {"metadata":{"emulator":{"name":"functions"},"message":"[worker-pool] submitWork(triggerId=us-central1-api)"}}
[debug] [2022-05-02T04:30:46.451Z] [worker-us-central1-api-3d0377e2-9548-4e79-8acf-4c49e8b91832]: Assigning socketPath: /var/folders/gr/90t7bj4s5llc9ky1x66rl7jw0000gn/T/fire_emu_42356.sock {"metadata":{"emulator":{"name":"functions"},"message":"[worker-us-central1-api-3d0377e2-9548-4e79-8acf-4c49e8b91832]: Assigning socketPath: /var/folders/gr/90t7bj4s5llc9ky1x66rl7jw0000gn/T/fire_emu_42356.sock"}}
[debug] [2022-05-02T04:30:46.451Z] [worker-us-central1-api-3d0377e2-9548-4e79-8acf-4c49e8b91832]: BUSY {"metadata":{"emulator":{"name":"functions"},"message":"[worker-us-central1-api-3d0377e2-9548-4e79-8acf-4c49e8b91832]: BUSY"}}
[debug] [2022-05-02T04:30:46.470Z] [runtime-status] [42356] Beginning invocation function api! {"metadata":{"emulator":{"name":"functions"},"function":{"name":"us-central1-api"},"extension":{},"message":"[runtime-status] [42356] Beginning invocation function api!"}}
[info] i  functions: Beginning execution of "api" {"metadata":{"emulator":{"name":"functions"},"function":{"name":"us-central1-api"},"extension":{},"message":"Beginning execution of \"api\""}}
[debug] [2022-05-02T04:30:46.471Z] [runtime-status] [42356] Running api in signature http {"metadata":{"emulator":{"name":"functions"},"function":{"name":"us-central1-api"},"extension":{},"message":"[runtime-status] [42356] Running api in signature http"}}
[debug] [2022-05-02T04:30:46.471Z] [runtime-status] [42356] Attempting to listen to socketPath: /var/folders/gr/90t7bj4s5llc9ky1x66rl7jw0000gn/T/fire_emu_42356.sock {"metadata":{"emulator":{"name":"functions"},"function":{"name":"us-central1-api"},"extension":{},"message":"[runtime-status] [42356] Attempting to listen to socketPath: /var/folders/gr/90t7bj4s5llc9ky1x66rl7jw0000gn/T/fire_emu_42356.sock"}}
[debug] [2022-05-02T04:30:46.474Z] [functions] Runtime ready! Sending request! {"metadata":{"emulator":{"name":"functions"},"message":"[functions] Runtime ready! Sending request!"}}
[debug] [2022-05-02T04:30:46.475Z] [functions] Got req.url=/clone-bb74c/us-central1/api/payments/create?total=0, mapping to path=/payments/create?total=0 {"metadata":{"emulator":{"name":"functions"},"message":"[functions] Got req.url=/clone-bb74c/us-central1/api/payments/create?total=0, mapping to path=/payments/create?total=0"}}
[debug] [2022-05-02T04:30:46.480Z] [runtime-status] [42356] Ephemeral server handling POST request {"metadata":{"emulator":{"name":"functions"},"function":{"name":"us-central1-api"},"extension":{},"message":"[runtime-status] [42356] Ephemeral server handling POST request"}}
[debug] [2022-05-02T04:30:46.483Z] [runtime-status] [42356] Ephemeral server survived. {"metadata":{"emulator":{"name":"functions"},"function":{"name":"us-central1-api"},"extension":{},"message":"[runtime-status] [42356] Ephemeral server survived."}}
[info] >  (node:42356) UnhandledPromiseRejectionWarning: Error: This value must be greater than or equal to 1. {"user":"(node:42356) UnhandledPromiseRejectionWarning: Error: This value must be greater than or equal to 1.","metadata":{"emulator":{"name":"functions"},"function":{"name":"us-central1-api"},"extension":{},"message":"\u001b[90m> \u001b[39m (node:42356) UnhandledPromiseRejectionWarning: Error: This value must be greater than or equal to 1."}}
[info] >      at Function.generate (/Users/jayzuss/Desktop/WebDevelopment/React/amazon-clone/functions/node_modules/stripe/lib/Error.js:40:16) {"user":"    at Function.generate (/Users/jayzuss/Desktop/WebDevelopment/React/amazon-clone/functions/node_modules/stripe/lib/Error.js:40:16)","metadata":{"emulator":{"name":"functions"},"function":{"name":"us-central1-api"},"extension":{},"message":"\u001b[90m> \u001b[39m     at Function.generate (/Users/jayzuss/Desktop/WebDevelopment/React/amazon-clone/functions/node_modules/stripe/lib/Error.js:40:16)"}}
[info] >      at res.toJSON.then.StripeAPIError.message (/Users/jayzuss/Desktop/WebDevelopment/React/amazon-clone/functions/node_modules/stripe/lib/StripeResource.js:220:35) {"user":"    at res.toJSON.then.StripeAPIError.message (/Users/jayzuss/Desktop/WebDevelopment/React/amazon-clone/functions/node_modules/stripe/lib/StripeResource.js:220:35)","metadata":{"emulator":{"name":"functions"},"function":{"name":"us-central1-api"},"extension":{},"message":"\u001b[90m> \u001b[39m     at res.toJSON.then.StripeAPIError.message (/Users/jayzuss/Desktop/WebDevelopment/React/amazon-clone/functions/node_modules/stripe/lib/StripeResource.js:220:35)"}}
[info] >      at processTicksAndRejections (internal/process/task_queues.js:95:5) {"user":"    at processTicksAndRejections (internal/process/task_queues.js:95:5)","metadata":{"emulator":{"name":"functions"},"function":{"name":"us-central1-api"},"extension":{},"message":"\u001b[90m> \u001b[39m     at processTicksAndRejections (internal/process/task_queues.js:95:5)"}}
[info] >  (Use `node --trace-warnings ...` to show where the warning was created) {"user":"(Use `node --trace-warnings ...` to show where the warning was created)","metadata":{"emulator":{"name":"functions"},"function":{"name":"us-central1-api"},"extension":{},"message":"\u001b[90m> \u001b[39m (Use `node --trace-warnings ...` to show where the warning was created)"}}
[info] >  (node:42356) UnhandledPromiseRejectionWarning: Unhandled promise rejection. This error originated either by throwing inside of an async function without a catch block, or by rejecting a promise which was not handled with .catch(). To terminate the node process on unhandled promise rejection, use the CLI flag `--unhandled-rejections=strict` (see https://nodejs.org/api/cli.html#cli_unhandled_rejections_mode). (rejection id: 1) {"user":"(node:42356) UnhandledPromiseRejectionWarning: Unhandled promise rejection. This error originated either by throwing inside of an async function without a catch block, or by rejecting a promise which was not handled with .catch(). To terminate the node process on unhandled promise rejection, use the CLI flag `--unhandled-rejections=strict` (see https://nodejs.org/api/cli.html#cli_unhandled_rejections_mode). (rejection id: 1)","metadata":{"emulator":{"name":"functions"},"function":{"name":"us-central1-api"},"extension":{},"message":"\u001b[90m> \u001b[39m (node:42356) UnhandledPromiseRejectionWarning: Unhandled promise rejection. This error originated either by throwing inside of an async function without a catch block, or by rejecting a promise which was not handled with .catch(). To terminate the node process on unhandled promise rejection, use the CLI flag `--unhandled-rejections=strict` (see https://nodejs.org/api/cli.html#cli_unhandled_rejections_mode). (rejection id: 1)"}}
[info] >  (node:42356) [DEP0018] DeprecationWarning: Unhandled promise rejections are deprecated. In the future, promise rejections that are not handled will terminate the Node.js process with a non-zero exit code. {"user":"(node:42356) [DEP0018] DeprecationWarning: Unhandled promise rejections are deprecated. In the future, promise rejections that are not handled will terminate the Node.js process with a non-zero exit code.","metadata":{"emulator":{"name":"functions"},"function":{"name":"us-central1-api"},"extension":{},"message":"\u001b[90m> \u001b[39m (node:42356) [DEP0018] DeprecationWarning: Unhandled promise rejections are deprecated. In the future, promise rejections that are not handled will terminate the Node.js process with a non-zero exit code."}}
[warn] ⚠  functions: Your function timed out after ~60s. To configure this timeout, see
      https://firebase.google.com/docs/functions/manage-functions#set_timeout_and_memory_allocation. {"metadata":{"emulator":{"name":"functions"},"function":{"name":"us-central1-api"},"extension":{},"message":"Your function timed out after ~60s. To configure this timeout, see\n      https://firebase.google.com/docs/functions/manage-functions#set_timeout_and_memory_allocation."}}
[info] >  /usr/local/lib/node_modules/firebase-tools/lib/emulator/functionsEmulatorRuntime.js:634 {"user":"/usr/local/lib/node_modules/firebase-tools/lib/emulator/functionsEmulatorRuntime.js:634","metadata":{"emulator":{"name":"functions"},"function":{"name":"us-central1-api"},"extension":{},"message":"\u001b[90m> \u001b[39m /usr/local/lib/node_modules/firebase-tools/lib/emulator/functionsEmulatorRuntime.js:634"}}
[info] >              throw new Error("Function timed out."); {"user":"            throw new Error(\"Function timed out.\");","metadata":{"emulator":{"name":"functions"},"function":{"name":"us-central1-api"},"extension":{},"message":"\u001b[90m> \u001b[39m             throw new Error(\"Function timed out.\");"}}
[info] >              ^ {"user":"            ^","metadata":{"emulator":{"name":"functions"},"function":{"name":"us-central1-api"},"extension":{},"message":"\u001b[90m> \u001b[39m             ^"}}
[info] >   {"user":"","metadata":{"emulator":{"name":"functions"},"function":{"name":"us-central1-api"},"extension":{},"message":"\u001b[90m> \u001b[39m "}}
[info] >  Error: Function timed out. {"user":"Error: Function timed out.","metadata":{"emulator":{"name":"functions"},"function":{"name":"us-central1-api"},"extension":{},"message":"\u001b[90m> \u001b[39m Error: Function timed out."}}
[info] >      at Timeout._onTimeout (/usr/local/lib/node_modules/firebase-tools/lib/emulator/functionsEmulatorRuntime.js:634:19) {"user":"    at Timeout._onTimeout (/usr/local/lib/node_modules/firebase-tools/lib/emulator/functionsEmulatorRuntime.js:634:19)","metadata":{"emulator":{"name":"functions"},"function":{"name":"us-central1-api"},"extension":{},"message":"\u001b[90m> \u001b[39m     at Timeout._onTimeout (/usr/local/lib/node_modules/firebase-tools/lib/emulator/functionsEmulatorRuntime.js:634:19)"}}
[info] >      at listOnTimeout (internal/timers.js:557:17) {"user":"    at listOnTimeout (internal/timers.js:557:17)","metadata":{"emulator":{"name":"functions"},"function":{"name":"us-central1-api"},"extension":{},"message":"\u001b[90m> \u001b[39m     at listOnTimeout (internal/timers.js:557:17)"}}
[info] >      at processTimers (internal/timers.js:500:7) {"user":"    at processTimers (internal/timers.js:500:7)","metadata":{"emulator":{"name":"functions"},"function":{"name":"us-central1-api"},"extension":{},"message":"\u001b[90m> \u001b[39m     at processTimers (internal/timers.js:500:7)"}}
[debug] [2022-05-02T04:31:02.418Z] [worker-us-central1-api-d5e2eb32-73e4-45b5-97da-3eabd35ecd44]: exited {"metadata":{"emulator":{"name":"functions"},"message":"[worker-us-central1-api-d5e2eb32-73e4-45b5-97da-3eabd35ecd44]: exited"}}
[debug] [2022-05-02T04:31:02.419Z] [worker-us-central1-api-d5e2eb32-73e4-45b5-97da-3eabd35ecd44]: FINISHED {"metadata":{"emulator":{"name":"functions"},"message":"[worker-us-central1-api-d5e2eb32-73e4-45b5-97da-3eabd35ecd44]: FINISHED"}}
[debug] [2022-05-02T04:31:02.419Z] [work-queue] {"queueLength":0,"workRunningCount":2}
[debug] [2022-05-02T04:31:02.863Z] [work-queue] {"queueLength":1,"workRunningCount":2}
[debug] [2022-05-02T04:31:02.864Z] [work-queue] {"queueLength":0,"workRunningCount":3}
[debug] [2022-05-02T04:31:02.864Z] Accepted request POST /clone-bb74c/us-central1/api/payments/create?total=32899 --> us-central1-api
[debug] [2022-05-02T04:31:02.864Z] [worker-pool] Cleaned up workers for us-central1-api: 3 --> 2 {"metadata":{"emulator":{"name":"functions"},"message":"[worker-pool] Cleaned up workers for us-central1-api: 3 --> 2"}}
[info] i  functions: Loaded environment variables from .env. 
[debug] [2022-05-02T04:31:02.877Z] [worker-pool] addWorker(us-central1-api) {"metadata":{"emulator":{"name":"functions"},"message":"[worker-pool] addWorker(us-central1-api)"}}
[debug] [2022-05-02T04:31:02.878Z] [worker-pool] Adding worker with key us-central1-api, total=3 {"metadata":{"emulator":{"name":"functions"},"message":"[worker-pool] Adding worker with key us-central1-api, total=3"}}
[debug] [2022-05-02T04:31:02.879Z] [worker-pool] submitWork(triggerId=us-central1-api) {"metadata":{"emulator":{"name":"functions"},"message":"[worker-pool] submitWork(triggerId=us-central1-api)"}}
[debug] [2022-05-02T04:31:02.879Z] [worker-us-central1-api-9f20d74f-3c3a-48a6-a237-77c655b9dc33]: Assigning socketPath: /var/folders/gr/90t7bj4s5llc9ky1x66rl7jw0000gn/T/fire_emu_42597.sock {"metadata":{"emulator":{"name":"functions"},"message":"[worker-us-central1-api-9f20d74f-3c3a-48a6-a237-77c655b9dc33]: Assigning socketPath: /var/folders/gr/90t7bj4s5llc9ky1x66rl7jw0000gn/T/fire_emu_42597.sock"}}
[debug] [2022-05-02T04:31:02.879Z] [worker-us-central1-api-9f20d74f-3c3a-48a6-a237-77c655b9dc33]: BUSY {"metadata":{"emulator":{"name":"functions"},"message":"[worker-us-central1-api-9f20d74f-3c3a-48a6-a237-77c655b9dc33]: BUSY"}}
[debug] [2022-05-02T04:31:07.468Z] [runtime-status] [42597] Functions runtime initialized. {"cwd":"/Users/jayzuss/Desktop/WebDevelopment/React/amazon-clone/functions","node_version":"14.17.6"} {"metadata":{"emulator":{"name":"functions"},"function":{"name":"us-central1-api"},"extension":{},"message":"[runtime-status] [42597] Functions runtime initialized. {\"cwd\":\"/Users/jayzuss/Desktop/WebDevelopment/React/amazon-clone/functions\",\"node_version\":\"14.17.6\"}"}}
[debug] [2022-05-02T04:31:07.470Z] [runtime-status] [42597] Disabled runtime features: undefined {"metadata":{"emulator":{"name":"functions"},"function":{"name":"us-central1-api"},"extension":{},"message":"[runtime-status] [42597] Disabled runtime features: undefined"}}
[debug] [2022-05-02T04:31:07.473Z] [runtime-status] [42597] Resolved module firebase-admin {"declared":true,"installed":true,"version":"10.1.0","resolution":"/Users/jayzuss/Desktop/WebDevelopment/React/amazon-clone/functions/node_modules/firebase-admin/lib/index.js"} {"metadata":{"emulator":{"name":"functions"},"function":{"name":"us-central1-api"},"extension":{},"message":"[runtime-status] [42597] Resolved module firebase-admin {\"declared\":true,\"installed\":true,\"version\":\"10.1.0\",\"resolution\":\"/Users/jayzuss/Desktop/WebDevelopment/React/amazon-clone/functions/node_modules/firebase-admin/lib/index.js\"}"}}
[debug] [2022-05-02T04:31:07.476Z] [runtime-status] [42597] Resolved module firebase-functions {"declared":true,"installed":true,"version":"3.20.1","resolution":"/Users/jayzuss/Desktop/WebDevelopment/React/amazon-clone/functions/node_modules/firebase-functions/lib/index.js"} {"metadata":{"emulator":{"name":"functions"},"function":{"name":"us-central1-api"},"extension":{},"message":"[runtime-status] [42597] Resolved module firebase-functions {\"declared\":true,\"installed\":true,\"version\":\"3.20.1\",\"resolution\":\"/Users/jayzuss/Desktop/WebDevelopment/React/amazon-clone/functions/node_modules/firebase-functions/lib/index.js\"}"}}
[debug] [2022-05-02T04:31:07.476Z] [runtime-status] [42597] Outgoing network have been stubbed. [{"name":"http","status":"mocked"},{"name":"http","status":"mocked"},{"name":"https","status":"mocked"},{"name":"https","status":"mocked"},{"name":"net","status":"mocked"}] {"metadata":{"emulator":{"name":"functions"},"function":{"name":"us-central1-api"},"extension":{},"message":"[runtime-status] [42597] Outgoing network have been stubbed. [{\"name\":\"http\",\"status\":\"mocked\"},{\"name\":\"http\",\"status\":\"mocked\"},{\"name\":\"https\",\"status\":\"mocked\"},{\"name\":\"https\",\"status\":\"mocked\"},{\"name\":\"net\",\"status\":\"mocked\"}]"}}
[debug] [2022-05-02T04:31:07.477Z] [runtime-status] [42597] Resolved module firebase-functions {"declared":true,"installed":true,"version":"3.20.1","resolution":"/Users/jayzuss/Desktop/WebDevelopment/React/amazon-clone/functions/node_modules/firebase-functions/lib/index.js"} {"metadata":{"emulator":{"name":"functions"},"function":{"name":"us-central1-api"},"extension":{},"message":"[runtime-status] [42597] Resolved module firebase-functions {\"declared\":true,\"installed\":true,\"version\":\"3.20.1\",\"resolution\":\"/Users/jayzuss/Desktop/WebDevelopment/React/amazon-clone/functions/node_modules/firebase-functions/lib/index.js\"}"}}
[debug] [2022-05-02T04:31:07.687Z] [runtime-status] [42597] Checked functions.config() {"config":{}} {"metadata":{"emulator":{"name":"functions"},"function":{"name":"us-central1-api"},"extension":{},"message":"[runtime-status] [42597] Checked functions.config() {\"config\":{}}"}}
[debug] [2022-05-02T04:31:07.687Z] [runtime-status] [42597] firebase-functions has been stubbed. {"functionsResolution":{"declared":true,"installed":true,"version":"3.20.1","resolution":"/Users/jayzuss/Desktop/WebDevelopment/React/amazon-clone/functions/node_modules/firebase-functions/lib/index.js"}} {"metadata":{"emulator":{"name":"functions"},"function":{"name":"us-central1-api"},"extension":{},"message":"[runtime-status] [42597] firebase-functions has been stubbed. {\"functionsResolution\":{\"declared\":true,\"installed\":true,\"version\":\"3.20.1\",\"resolution\":\"/Users/jayzuss/Desktop/WebDevelopment/React/amazon-clone/functions/node_modules/firebase-functions/lib/index.js\"}}"}}
[debug] [2022-05-02T04:31:07.688Z] [runtime-status] [42597] Resolved module firebase-functions {"declared":true,"installed":true,"version":"3.20.1","resolution":"/Users/jayzuss/Desktop/WebDevelopment/React/amazon-clone/functions/node_modules/firebase-functions/lib/index.js"} {"metadata":{"emulator":{"name":"functions"},"function":{"name":"us-central1-api"},"extension":{},"message":"[runtime-status] [42597] Resolved module firebase-functions {\"declared\":true,\"installed\":true,\"version\":\"3.20.1\",\"resolution\":\"/Users/jayzuss/Desktop/WebDevelopment/React/amazon-clone/functions/node_modules/firebase-functions/lib/index.js\"}"}}
[debug] [2022-05-02T04:31:07.690Z] [runtime-status] [42597] Resolved module firebase-admin {"declared":true,"installed":true,"version":"10.1.0","resolution":"/Users/jayzuss/Desktop/WebDevelopment/React/amazon-clone/functions/node_modules/firebase-admin/lib/index.js"} {"metadata":{"emulator":{"name":"functions"},"function":{"name":"us-central1-api"},"extension":{},"message":"[runtime-status] [42597] Resolved module firebase-admin {\"declared\":true,\"installed\":true,\"version\":\"10.1.0\",\"resolution\":\"/Users/jayzuss/Desktop/WebDevelopment/React/amazon-clone/functions/node_modules/firebase-admin/lib/index.js\"}"}}
[debug] [2022-05-02T04:31:07.692Z] [runtime-status] [42597] Resolved module firebase-functions {"declared":true,"installed":true,"version":"3.20.1","resolution":"/Users/jayzuss/Desktop/WebDevelopment/React/amazon-clone/functions/node_modules/firebase-functions/lib/index.js"} {"metadata":{"emulator":{"name":"functions"},"function":{"name":"us-central1-api"},"extension":{},"message":"[runtime-status] [42597] Resolved module firebase-functions {\"declared\":true,\"installed\":true,\"version\":\"3.20.1\",\"resolution\":\"/Users/jayzuss/Desktop/WebDevelopment/React/amazon-clone/functions/node_modules/firebase-functions/lib/index.js\"}"}}
[debug] [2022-05-02T04:31:07.693Z] [runtime-status] [42597] firebase-admin has been stubbed. {"adminResolution":{"declared":true,"installed":true,"version":"10.1.0","resolution":"/Users/jayzuss/Desktop/WebDevelopment/React/amazon-clone/functions/node_modules/firebase-admin/lib/index.js"}} {"metadata":{"emulator":{"name":"functions"},"function":{"name":"us-central1-api"},"extension":{},"message":"[runtime-status] [42597] firebase-admin has been stubbed. {\"adminResolution\":{\"declared\":true,\"installed\":true,\"version\":\"10.1.0\",\"resolution\":\"/Users/jayzuss/Desktop/WebDevelopment/React/amazon-clone/functions/node_modules/firebase-admin/lib/index.js\"}}"}}
[debug] [2022-05-02T04:31:08.002Z] [runtime-status] [42597] Beginning invocation function api! {"metadata":{"emulator":{"name":"functions"},"function":{"name":"us-central1-api"},"extension":{},"message":"[runtime-status] [42597] Beginning invocation function api!"}}
[info] i  functions: Beginning execution of "api" {"metadata":{"emulator":{"name":"functions"},"function":{"name":"us-central1-api"},"extension":{},"message":"Beginning execution of \"api\""}}
[debug] [2022-05-02T04:31:08.004Z] [runtime-status] [42597] Running api in signature http {"metadata":{"emulator":{"name":"functions"},"function":{"name":"us-central1-api"},"extension":{},"message":"[runtime-status] [42597] Running api in signature http"}}
[debug] [2022-05-02T04:31:08.015Z] [runtime-status] [42597] Attempting to listen to socketPath: /var/folders/gr/90t7bj4s5llc9ky1x66rl7jw0000gn/T/fire_emu_42597.sock {"metadata":{"emulator":{"name":"functions"},"function":{"name":"us-central1-api"},"extension":{},"message":"[runtime-status] [42597] Attempting to listen to socketPath: /var/folders/gr/90t7bj4s5llc9ky1x66rl7jw0000gn/T/fire_emu_42597.sock"}}
[debug] [2022-05-02T04:31:08.022Z] [functions] Runtime ready! Sending request! {"metadata":{"emulator":{"name":"functions"},"message":"[functions] Runtime ready! Sending request!"}}
[debug] [2022-05-02T04:31:08.023Z] [functions] Got req.url=/clone-bb74c/us-central1/api/payments/create?total=32899, mapping to path=/payments/create?total=32899 {"metadata":{"emulator":{"name":"functions"},"message":"[functions] Got req.url=/clone-bb74c/us-central1/api/payments/create?total=32899, mapping to path=/payments/create?total=32899"}}
[debug] [2022-05-02T04:31:08.040Z] [runtime-status] [42597] Ephemeral server handling POST request {"metadata":{"emulator":{"name":"functions"},"function":{"name":"us-central1-api"},"extension":{},"message":"[runtime-status] [42597] Ephemeral server handling POST request"}}
[debug] [2022-05-02T04:31:08.068Z] [runtime-status] [42597] Ephemeral server survived. {"metadata":{"emulator":{"name":"functions"},"function":{"name":"us-central1-api"},"extension":{},"message":"[runtime-status] [42597] Ephemeral server survived."}}
[info] i  functions: Finished "api" in ~1s {"metadata":{"emulator":{"name":"functions"},"function":{"name":"us-central1-api"},"extension":{},"message":"Finished \"api\" in ~1s"}}
[debug] [2022-05-02T04:31:08.869Z] [worker-us-central1-api-9f20d74f-3c3a-48a6-a237-77c655b9dc33]: IDLE {"metadata":{"emulator":{"name":"functions"},"message":"[worker-us-central1-api-9f20d74f-3c3a-48a6-a237-77c655b9dc33]: IDLE"}}
[debug] [2022-05-02T04:31:08.869Z] [work-queue] {"queueLength":0,"workRunningCount":2}
[warn] ⚠  functions: Your function timed out after ~60s. To configure this timeout, see
      https://firebase.google.com/docs/functions/manage-functions#set_timeout_and_memory_allocation. {"metadata":{"emulator":{"name":"functions"},"function":{"name":"us-central1-api"},"extension":{},"message":"Your function timed out after ~60s. To configure this timeout, see\n      https://firebase.google.com/docs/functions/manage-functions#set_timeout_and_memory_allocation."}}
[info] >  /usr/local/lib/node_modules/firebase-tools/lib/emulator/functionsEmulatorRuntime.js:634 {"user":"/usr/local/lib/node_modules/firebase-tools/lib/emulator/functionsEmulatorRuntime.js:634","metadata":{"emulator":{"name":"functions"},"function":{"name":"us-central1-api"},"extension":{},"message":"\u001b[90m> \u001b[39m /usr/local/lib/node_modules/firebase-tools/lib/emulator/functionsEmulatorRuntime.js:634"}}
[info] >              throw new Error("Function timed out."); {"user":"            throw new Error(\"Function timed out.\");","metadata":{"emulator":{"name":"functions"},"function":{"name":"us-central1-api"},"extension":{},"message":"\u001b[90m> \u001b[39m             throw new Error(\"Function timed out.\");"}}
[info] >              ^ {"user":"            ^","metadata":{"emulator":{"name":"functions"},"function":{"name":"us-central1-api"},"extension":{},"message":"\u001b[90m> \u001b[39m             ^"}}
[info] >   {"user":"","metadata":{"emulator":{"name":"functions"},"function":{"name":"us-central1-api"},"extension":{},"message":"\u001b[90m> \u001b[39m "}}
[info] >  Error: Function timed out. {"user":"Error: Function timed out.","metadata":{"emulator":{"name":"functions"},"function":{"name":"us-central1-api"},"extension":{},"message":"\u001b[90m> \u001b[39m Error: Function timed out."}}
[info] >      at Timeout._onTimeout (/usr/local/lib/node_modules/firebase-tools/lib/emulator/functionsEmulatorRuntime.js:634:19) {"user":"    at Timeout._onTimeout (/usr/local/lib/node_modules/firebase-tools/lib/emulator/functionsEmulatorRuntime.js:634:19)","metadata":{"emulator":{"name":"functions"},"function":{"name":"us-central1-api"},"extension":{},"message":"\u001b[90m> \u001b[39m     at Timeout._onTimeout (/usr/local/lib/node_modules/firebase-tools/lib/emulator/functionsEmulatorRuntime.js:634:19)"}}
[info] >      at listOnTimeout (internal/timers.js:557:17) {"user":"    at listOnTimeout (internal/timers.js:557:17)","metadata":{"emulator":{"name":"functions"},"function":{"name":"us-central1-api"},"extension":{},"message":"\u001b[90m> \u001b[39m     at listOnTimeout (internal/timers.js:557:17)"}}
[info] >      at processTimers (internal/timers.js:500:7) {"user":"    at processTimers (internal/timers.js:500:7)","metadata":{"emulator":{"name":"functions"},"function":{"name":"us-central1-api"},"extension":{},"message":"\u001b[90m> \u001b[39m     at processTimers (internal/timers.js:500:7)"}}
[debug] [2022-05-02T04:31:13.412Z] [worker-us-central1-api-f2c0977e-934b-4f76-9e13-883efc595bba]: exited {"metadata":{"emulator":{"name":"functions"},"message":"[worker-us-central1-api-f2c0977e-934b-4f76-9e13-883efc595bba]: exited"}}
[debug] [2022-05-02T04:31:13.412Z] [worker-us-central1-api-f2c0977e-934b-4f76-9e13-883efc595bba]: FINISHED {"metadata":{"emulator":{"name":"functions"},"message":"[worker-us-central1-api-f2c0977e-934b-4f76-9e13-883efc595bba]: FINISHED"}}
[debug] [2022-05-02T04:31:13.412Z] [work-queue] {"queueLength":0,"workRunningCount":1}
[debug] [2022-05-02T04:31:28.171Z] [work-queue] {"queueLength":1,"workRunningCount":1}
[debug] [2022-05-02T04:31:28.172Z] [work-queue] {"queueLength":0,"workRunningCount":2}
[debug] [2022-05-02T04:31:28.172Z] Accepted request POST /clone-bb74c/us-central1/api/payments/create?total=0 --> us-central1-api
[debug] [2022-05-02T04:31:28.172Z] [worker-pool] Cleaned up workers for us-central1-api: 3 --> 2 {"metadata":{"emulator":{"name":"functions"},"message":"[worker-pool] Cleaned up workers for us-central1-api: 3 --> 2"}}
[debug] [2022-05-02T04:31:28.172Z] [worker-pool] submitWork(triggerId=us-central1-api) {"metadata":{"emulator":{"name":"functions"},"message":"[worker-pool] submitWork(triggerId=us-central1-api)"}}
[debug] [2022-05-02T04:31:28.173Z] [worker-us-central1-api-9f20d74f-3c3a-48a6-a237-77c655b9dc33]: Assigning socketPath: /var/folders/gr/90t7bj4s5llc9ky1x66rl7jw0000gn/T/fire_emu_42597.sock {"metadata":{"emulator":{"name":"functions"},"message":"[worker-us-central1-api-9f20d74f-3c3a-48a6-a237-77c655b9dc33]: Assigning socketPath: /var/folders/gr/90t7bj4s5llc9ky1x66rl7jw0000gn/T/fire_emu_42597.sock"}}
[debug] [2022-05-02T04:31:28.173Z] [worker-us-central1-api-9f20d74f-3c3a-48a6-a237-77c655b9dc33]: BUSY {"metadata":{"emulator":{"name":"functions"},"message":"[worker-us-central1-api-9f20d74f-3c3a-48a6-a237-77c655b9dc33]: BUSY"}}
[debug] [2022-05-02T04:31:28.175Z] [runtime-status] [42597] Beginning invocation function api! {"metadata":{"emulator":{"name":"functions"},"function":{"name":"us-central1-api"},"extension":{},"message":"[runtime-status] [42597] Beginning invocation function api!"}}
[info] i  functions: Beginning execution of "api" {"metadata":{"emulator":{"name":"functions"},"function":{"name":"us-central1-api"},"extension":{},"message":"Beginning execution of \"api\""}}
[debug] [2022-05-02T04:31:28.177Z] [runtime-status] [42597] Running api in signature http {"metadata":{"emulator":{"name":"functions"},"function":{"name":"us-central1-api"},"extension":{},"message":"[runtime-status] [42597] Running api in signature http"}}
[debug] [2022-05-02T04:31:28.178Z] [runtime-status] [42597] Attempting to listen to socketPath: /var/folders/gr/90t7bj4s5llc9ky1x66rl7jw0000gn/T/fire_emu_42597.sock {"metadata":{"emulator":{"name":"functions"},"function":{"name":"us-central1-api"},"extension":{},"message":"[runtime-status] [42597] Attempting to listen to socketPath: /var/folders/gr/90t7bj4s5llc9ky1x66rl7jw0000gn/T/fire_emu_42597.sock"}}
[debug] [2022-05-02T04:31:28.182Z] [functions] Runtime ready! Sending request! {"metadata":{"emulator":{"name":"functions"},"message":"[functions] Runtime ready! Sending request!"}}
[debug] [2022-05-02T04:31:28.255Z] [functions] Got req.url=/clone-bb74c/us-central1/api/payments/create?total=0, mapping to path=/payments/create?total=0 {"metadata":{"emulator":{"name":"functions"},"message":"[functions] Got req.url=/clone-bb74c/us-central1/api/payments/create?total=0, mapping to path=/payments/create?total=0"}}
[debug] [2022-05-02T04:31:28.259Z] [runtime-status] [42597] Ephemeral server handling POST request {"metadata":{"emulator":{"name":"functions"},"function":{"name":"us-central1-api"},"extension":{},"message":"[runtime-status] [42597] Ephemeral server handling POST request"}}
[debug] [2022-05-02T04:31:28.262Z] [runtime-status] [42597] Ephemeral server survived. {"metadata":{"emulator":{"name":"functions"},"function":{"name":"us-central1-api"},"extension":{},"message":"[runtime-status] [42597] Ephemeral server survived."}}
[info] >  (node:42597) UnhandledPromiseRejectionWarning: Error: This value must be greater than or equal to 1. {"user":"(node:42597) UnhandledPromiseRejectionWarning: Error: This value must be greater than or equal to 1.","metadata":{"emulator":{"name":"functions"},"function":{"name":"us-central1-api"},"extension":{},"message":"\u001b[90m> \u001b[39m (node:42597) UnhandledPromiseRejectionWarning: Error: This value must be greater than or equal to 1."}}
[info] >      at Function.generate (/Users/jayzuss/Desktop/WebDevelopment/React/amazon-clone/functions/node_modules/stripe/lib/Error.js:40:16) {"user":"    at Function.generate (/Users/jayzuss/Desktop/WebDevelopment/React/amazon-clone/functions/node_modules/stripe/lib/Error.js:40:16)","metadata":{"emulator":{"name":"functions"},"function":{"name":"us-central1-api"},"extension":{},"message":"\u001b[90m> \u001b[39m     at Function.generate (/Users/jayzuss/Desktop/WebDevelopment/React/amazon-clone/functions/node_modules/stripe/lib/Error.js:40:16)"}}
[info] >      at res.toJSON.then.StripeAPIError.message (/Users/jayzuss/Desktop/WebDevelopment/React/amazon-clone/functions/node_modules/stripe/lib/StripeResource.js:220:35) {"user":"    at res.toJSON.then.StripeAPIError.message (/Users/jayzuss/Desktop/WebDevelopment/React/amazon-clone/functions/node_modules/stripe/lib/StripeResource.js:220:35)","metadata":{"emulator":{"name":"functions"},"function":{"name":"us-central1-api"},"extension":{},"message":"\u001b[90m> \u001b[39m     at res.toJSON.then.StripeAPIError.message (/Users/jayzuss/Desktop/WebDevelopment/React/amazon-clone/functions/node_modules/stripe/lib/StripeResource.js:220:35)"}}
[info] >      at processTicksAndRejections (internal/process/task_queues.js:95:5) {"user":"    at processTicksAndRejections (internal/process/task_queues.js:95:5)","metadata":{"emulator":{"name":"functions"},"function":{"name":"us-central1-api"},"extension":{},"message":"\u001b[90m> \u001b[39m     at processTicksAndRejections (internal/process/task_queues.js:95:5)"}}
[info] >  (Use `node --trace-warnings ...` to show where the warning was created) {"user":"(Use `node --trace-warnings ...` to show where the warning was created)","metadata":{"emulator":{"name":"functions"},"function":{"name":"us-central1-api"},"extension":{},"message":"\u001b[90m> \u001b[39m (Use `node --trace-warnings ...` to show where the warning was created)"}}
[info] >  (node:42597) UnhandledPromiseRejectionWarning: Unhandled promise rejection. This error originated either by throwing inside of an async function without a catch block, or by rejecting a promise which was not handled with .catch(). To terminate the node process on unhandled promise rejection, use the CLI flag `--unhandled-rejections=strict` (see https://nodejs.org/api/cli.html#cli_unhandled_rejections_mode). (rejection id: 1) {"user":"(node:42597) UnhandledPromiseRejectionWarning: Unhandled promise rejection. This error originated either by throwing inside of an async function without a catch block, or by rejecting a promise which was not handled with .catch(). To terminate the node process on unhandled promise rejection, use the CLI flag `--unhandled-rejections=strict` (see https://nodejs.org/api/cli.html#cli_unhandled_rejections_mode). (rejection id: 1)","metadata":{"emulator":{"name":"functions"},"function":{"name":"us-central1-api"},"extension":{},"message":"\u001b[90m> \u001b[39m (node:42597) UnhandledPromiseRejectionWarning: Unhandled promise rejection. This error originated either by throwing inside of an async function without a catch block, or by rejecting a promise which was not handled with .catch(). To terminate the node process on unhandled promise rejection, use the CLI flag `--unhandled-rejections=strict` (see https://nodejs.org/api/cli.html#cli_unhandled_rejections_mode). (rejection id: 1)"}}
[info] >  (node:42597) [DEP0018] DeprecationWarning: Unhandled promise rejections are deprecated. In the future, promise rejections that are not handled will terminate the Node.js process with a non-zero exit code. {"user":"(node:42597) [DEP0018] DeprecationWarning: Unhandled promise rejections are deprecated. In the future, promise rejections that are not handled will terminate the Node.js process with a non-zero exit code.","metadata":{"emulator":{"name":"functions"},"function":{"name":"us-central1-api"},"extension":{},"message":"\u001b[90m> \u001b[39m (node:42597) [DEP0018] DeprecationWarning: Unhandled promise rejections are deprecated. In the future, promise rejections that are not handled will terminate the Node.js process with a non-zero exit code."}}
[warn] ⚠  functions: Your function timed out after ~60s. To configure this timeout, see
      https://firebase.google.com/docs/functions/manage-functions#set_timeout_and_memory_allocation. {"metadata":{"emulator":{"name":"functions"},"function":{"name":"us-central1-api"},"extension":{},"message":"Your function timed out after ~60s. To configure this timeout, see\n      https://firebase.google.com/docs/functions/manage-functions#set_timeout_and_memory_allocation."}}
[info] >  /usr/local/lib/node_modules/firebase-tools/lib/emulator/functionsEmulatorRuntime.js:634 {"user":"/usr/local/lib/node_modules/firebase-tools/lib/emulator/functionsEmulatorRuntime.js:634","metadata":{"emulator":{"name":"functions"},"function":{"name":"us-central1-api"},"extension":{},"message":"\u001b[90m> \u001b[39m /usr/local/lib/node_modules/firebase-tools/lib/emulator/functionsEmulatorRuntime.js:634"}}
[info] >              throw new Error("Function timed out."); {"user":"            throw new Error(\"Function timed out.\");","metadata":{"emulator":{"name":"functions"},"function":{"name":"us-central1-api"},"extension":{},"message":"\u001b[90m> \u001b[39m             throw new Error(\"Function timed out.\");"}}
[info] >              ^ {"user":"            ^","metadata":{"emulator":{"name":"functions"},"function":{"name":"us-central1-api"},"extension":{},"message":"\u001b[90m> \u001b[39m             ^"}}
[info] >   {"user":"","metadata":{"emulator":{"name":"functions"},"function":{"name":"us-central1-api"},"extension":{},"message":"\u001b[90m> \u001b[39m "}}
[info] >  Error: Function timed out. {"user":"Error: Function timed out.","metadata":{"emulator":{"name":"functions"},"function":{"name":"us-central1-api"},"extension":{},"message":"\u001b[90m> \u001b[39m Error: Function timed out."}}
[info] >      at Timeout._onTimeout (/usr/local/lib/node_modules/firebase-tools/lib/emulator/functionsEmulatorRuntime.js:634:19) {"user":"    at Timeout._onTimeout (/usr/local/lib/node_modules/firebase-tools/lib/emulator/functionsEmulatorRuntime.js:634:19)","metadata":{"emulator":{"name":"functions"},"function":{"name":"us-central1-api"},"extension":{},"message":"\u001b[90m> \u001b[39m     at Timeout._onTimeout (/usr/local/lib/node_modules/firebase-tools/lib/emulator/functionsEmulatorRuntime.js:634:19)"}}
[info] >      at listOnTimeout (internal/timers.js:557:17) {"user":"    at listOnTimeout (internal/timers.js:557:17)","metadata":{"emulator":{"name":"functions"},"function":{"name":"us-central1-api"},"extension":{},"message":"\u001b[90m> \u001b[39m     at listOnTimeout (internal/timers.js:557:17)"}}
[info] >      at processTimers (internal/timers.js:500:7) {"user":"    at processTimers (internal/timers.js:500:7)","metadata":{"emulator":{"name":"functions"},"function":{"name":"us-central1-api"},"extension":{},"message":"\u001b[90m> \u001b[39m     at processTimers (internal/timers.js:500:7)"}}
[debug] [2022-05-02T04:31:46.494Z] [worker-us-central1-api-3d0377e2-9548-4e79-8acf-4c49e8b91832]: exited {"metadata":{"emulator":{"name":"functions"},"message":"[worker-us-central1-api-3d0377e2-9548-4e79-8acf-4c49e8b91832]: exited"}}
[debug] [2022-05-02T04:31:46.494Z] [worker-us-central1-api-3d0377e2-9548-4e79-8acf-4c49e8b91832]: FINISHED {"metadata":{"emulator":{"name":"functions"},"message":"[worker-us-central1-api-3d0377e2-9548-4e79-8acf-4c49e8b91832]: FINISHED"}}
[debug] [2022-05-02T04:31:46.494Z] [work-queue] {"queueLength":0,"workRunningCount":1}
[debug] [2022-05-02T04:31:59.203Z] File /Users/jayzuss/Desktop/WebDevelopment/React/amazon-clone/functions/index.js changed, reloading triggers {"metadata":{"emulator":{"name":"functions"},"message":"File /Users/jayzuss/Desktop/WebDevelopment/React/amazon-clone/functions/index.js changed, reloading triggers"}}
[debug] [2022-05-02T04:32:00.206Z] [worker-pool] Marking BUSY worker to finish (us-central1-api) {"metadata":{"emulator":{"name":"functions"},"message":"[worker-pool] Marking BUSY worker to finish (us-central1-api)"}}
[debug] [2022-05-02T04:32:00.206Z] [worker-us-central1-api-9f20d74f-3c3a-48a6-a237-77c655b9dc33]: FINISHING {"metadata":{"emulator":{"name":"functions"},"message":"[worker-us-central1-api-9f20d74f-3c3a-48a6-a237-77c655b9dc33]: FINISHING"}}
[debug] [2022-05-02T04:32:00.207Z] Validating nodejs source
[debug] [2022-05-02T04:32:04.014Z] > [functions] package.json contents: {
  "name": "functions",
  "description": "Cloud Functions for Firebase",
  "scripts": {
    "lint": "eslint .",
    "serve": "firebase emulators:start --only functions",
    "shell": "firebase functions:shell",
    "start": "npm run shell",
    "deploy": "firebase deploy --only functions",
    "logs": "firebase functions:log"
  },
  "engines": {
    "node": "16"
  },
  "main": "index.js",
  "dependencies": {
    "cors": "^2.8.5",
    "dotenv": "^16.0.0",
    "express": "^4.18.0",
    "firebase-admin": "^10.0.2",
    "firebase-functions": "^3.18.0",
    "stripe": "^8.219.0"
  },
  "devDependencies": {
    "eslint": "^8.9.0",
    "eslint-config-google": "^0.14.0",
    "firebase-functions-test": "^0.2.0",
    "prettier": "2.6.2"
  },
  "private": true
}
[debug] [2022-05-02T04:32:04.015Z] Building nodejs source
[debug] [2022-05-02T04:32:04.015Z] Analyzing nodejs backend spec
